\BOOKMARK [0][]{chapter*.1}{\376\377\000P\000r\000e\000f\000a\000c\000e}{}% 1
\BOOKMARK [-1][]{part.1}{\376\377\000I\000\040\000B\000a\000c\000k\000g\000r\000o\000u\000n\000d}{}% 2
\BOOKMARK [0][]{chapter.1}{\376\377\0001\000\040\000W\000h\000y\000\040\000d\000o\000\040\000w\000e\000\040\000l\000e\000a\000r\000n\000\040\000s\000t\000a\000t\000i\000s\000t\000i\000c\000s\000?\000\040}{part.1}% 3
\BOOKMARK [1][]{section.1.1}{\376\377\0001\000.\0001\000\040\000O\000n\000\040\000t\000h\000e\000\040\000p\000s\000y\000c\000h\000o\000l\000o\000g\000y\000\040\000o\000f\000\040\000s\000t\000a\000t\000i\000s\000t\000i\000c\000s\000\040}{chapter.1}% 4
\BOOKMARK [2][-]{subsection.1.1.1}{\376\377\0001\000.\0001\000.\0001\000\040\000T\000h\000e\000\040\000c\000u\000r\000s\000e\000\040\000o\000f\000\040\000b\000e\000l\000i\000e\000f\000\040\000b\000i\000a\000s}{section.1.1}% 5
\BOOKMARK [1][]{section.1.2}{\376\377\0001\000.\0002\000\040\000T\000h\000e\000\040\000c\000a\000u\000t\000i\000o\000n\000a\000r\000y\000\040\000t\000a\000l\000e\000\040\000o\000f\000\040\000S\000i\000m\000p\000s\000o\000n\000'\000s\000\040\000p\000a\000r\000a\000d\000o\000x}{chapter.1}% 6
\BOOKMARK [1][]{section.1.3}{\376\377\0001\000.\0003\000\040\000S\000t\000a\000t\000i\000s\000t\000i\000c\000s\000\040\000i\000n\000\040\000p\000s\000y\000c\000h\000o\000l\000o\000g\000y}{chapter.1}% 7
\BOOKMARK [1][]{section.1.4}{\376\377\0001\000.\0004\000\040\000S\000t\000a\000t\000i\000s\000t\000i\000c\000s\000\040\000i\000n\000\040\000e\000v\000e\000r\000y\000d\000a\000y\000\040\000l\000i\000f\000e}{chapter.1}% 8
\BOOKMARK [1][]{section.1.5}{\376\377\0001\000.\0005\000\040\000T\000h\000e\000r\000e\000'\000s\000\040\000m\000o\000r\000e\000\040\000t\000o\000\040\000r\000e\000s\000e\000a\000r\000c\000h\000\040\000m\000e\000t\000h\000o\000d\000s\000\040\000t\000h\000a\000n\000\040\000s\000t\000a\000t\000i\000s\000t\000i\000c\000s}{chapter.1}% 9
\BOOKMARK [0][]{chapter.2}{\376\377\0002\000\040\000A\000\040\000b\000r\000i\000e\000f\000\040\000i\000n\000t\000r\000o\000d\000u\000c\000t\000i\000o\000n\000\040\000t\000o\000\040\000r\000e\000s\000e\000a\000r\000c\000h\000\040\000d\000e\000s\000i\000g\000n}{part.1}% 10
\BOOKMARK [1][]{section.2.1}{\376\377\0002\000.\0001\000\040\000I\000n\000t\000r\000o\000d\000u\000c\000t\000i\000o\000n\000\040\000t\000o\000\040\000p\000s\000y\000c\000h\000o\000l\000o\000g\000i\000c\000a\000l\000\040\000m\000e\000a\000s\000u\000r\000e\000m\000e\000n\000t\000\040}{chapter.2}% 11
\BOOKMARK [2][-]{subsection.2.1.1}{\376\377\0002\000.\0001\000.\0001\000\040\000S\000o\000m\000e\000\040\000t\000h\000o\000u\000g\000h\000t\000s\000\040\000a\000b\000o\000u\000t\000\040\000p\000s\000y\000c\000h\000o\000l\000o\000g\000i\000c\000a\000l\000\040\000m\000e\000a\000s\000u\000r\000e\000m\000e\000n\000t}{section.2.1}% 12
\BOOKMARK [2][-]{subsection.2.1.2}{\376\377\0002\000.\0001\000.\0002\000\040\000O\000p\000e\000r\000a\000t\000i\000o\000n\000a\000l\000i\000s\000a\000t\000i\000o\000n\000:\000\040\000d\000e\000f\000i\000n\000i\000n\000g\000\040\000y\000o\000u\000r\000\040\000m\000e\000a\000s\000u\000r\000e\000m\000e\000n\000t}{section.2.1}% 13
\BOOKMARK [1][]{section.2.2}{\376\377\0002\000.\0002\000\040\000S\000c\000a\000l\000e\000s\000\040\000o\000f\000\040\000m\000e\000a\000s\000u\000r\000e\000m\000e\000n\000t}{chapter.2}% 14
\BOOKMARK [2][-]{subsection.2.2.1}{\376\377\0002\000.\0002\000.\0001\000\040\000N\000o\000m\000i\000n\000a\000l\000\040\000s\000c\000a\000l\000e}{section.2.2}% 15
\BOOKMARK [2][-]{subsection.2.2.2}{\376\377\0002\000.\0002\000.\0002\000\040\000O\000r\000d\000i\000n\000a\000l\000\040\000s\000c\000a\000l\000e}{section.2.2}% 16
\BOOKMARK [2][-]{subsection.2.2.3}{\376\377\0002\000.\0002\000.\0003\000\040\000I\000n\000t\000e\000r\000v\000a\000l\000\040\000s\000c\000a\000l\000e}{section.2.2}% 17
\BOOKMARK [2][-]{subsection.2.2.4}{\376\377\0002\000.\0002\000.\0004\000\040\000R\000a\000t\000i\000o\000\040\000s\000c\000a\000l\000e}{section.2.2}% 18
\BOOKMARK [2][-]{subsection.2.2.5}{\376\377\0002\000.\0002\000.\0005\000\040\000C\000o\000n\000t\000i\000n\000u\000o\000u\000s\000\040\000v\000e\000r\000s\000u\000s\000\040\000d\000i\000s\000c\000r\000e\000t\000e\000\040\000v\000a\000r\000i\000a\000b\000l\000e\000s\000\040}{section.2.2}% 19
\BOOKMARK [2][-]{subsection.2.2.6}{\376\377\0002\000.\0002\000.\0006\000\040\000S\000o\000m\000e\000\040\000c\000o\000m\000p\000l\000e\000x\000i\000t\000i\000e\000s}{section.2.2}% 20
\BOOKMARK [1][]{section.2.3}{\376\377\0002\000.\0003\000\040\000A\000s\000s\000e\000s\000s\000i\000n\000g\000\040\000t\000h\000e\000\040\000r\000e\000l\000i\000a\000b\000i\000l\000i\000t\000y\000\040\000o\000f\000\040\000a\000\040\000m\000e\000a\000s\000u\000r\000e\000m\000e\000n\000t\000\040}{chapter.2}% 21
\BOOKMARK [1][]{section.2.4}{\376\377\0002\000.\0004\000\040\000T\000h\000e\000\040\000r\000o\000l\000e\000\040\000o\000f\000\040\000v\000a\000r\000i\000a\000b\000l\000e\000s\000:\000\040\000p\000r\000e\000d\000i\000c\000t\000o\000r\000s\000\040\000a\000n\000d\000\040\000o\000u\000t\000c\000o\000m\000e\000s\000\040}{chapter.2}% 22
\BOOKMARK [1][]{section.2.5}{\376\377\0002\000.\0005\000\040\000E\000x\000p\000e\000r\000i\000m\000e\000n\000t\000a\000l\000\040\000a\000n\000d\000\040\000n\000o\000n\000-\000e\000x\000p\000e\000r\000i\000m\000e\000n\000t\000a\000l\000\040\000r\000e\000s\000e\000a\000r\000c\000h\000\040}{chapter.2}% 23
\BOOKMARK [2][-]{subsection.2.5.1}{\376\377\0002\000.\0005\000.\0001\000\040\000E\000x\000p\000e\000r\000i\000m\000e\000n\000t\000a\000l\000\040\000r\000e\000s\000e\000a\000r\000c\000h}{section.2.5}% 24
\BOOKMARK [2][-]{subsection.2.5.2}{\376\377\0002\000.\0005\000.\0002\000\040\000N\000o\000n\000-\000e\000x\000p\000e\000r\000i\000m\000e\000n\000t\000a\000l\000\040\000r\000e\000s\000e\000a\000r\000c\000h}{section.2.5}% 25
\BOOKMARK [1][]{section.2.6}{\376\377\0002\000.\0006\000\040\000A\000s\000s\000e\000s\000s\000i\000n\000g\000\040\000t\000h\000e\000\040\000v\000a\000l\000i\000d\000i\000t\000y\000\040\000o\000f\000\040\000a\000\040\000s\000t\000u\000d\000y\000\040}{chapter.2}% 26
\BOOKMARK [2][-]{subsection.2.6.1}{\376\377\0002\000.\0006\000.\0001\000\040\000I\000n\000t\000e\000r\000n\000a\000l\000\040\000v\000a\000l\000i\000d\000i\000t\000y}{section.2.6}% 27
\BOOKMARK [2][-]{subsection.2.6.2}{\376\377\0002\000.\0006\000.\0002\000\040\000E\000x\000t\000e\000r\000n\000a\000l\000\040\000v\000a\000l\000i\000d\000i\000t\000y}{section.2.6}% 28
\BOOKMARK [2][-]{subsection.2.6.3}{\376\377\0002\000.\0006\000.\0003\000\040\000C\000o\000n\000s\000t\000r\000u\000c\000t\000\040\000v\000a\000l\000i\000d\000i\000t\000y}{section.2.6}% 29
\BOOKMARK [2][-]{subsection.2.6.4}{\376\377\0002\000.\0006\000.\0004\000\040\000F\000a\000c\000e\000\040\000v\000a\000l\000i\000d\000i\000t\000y}{section.2.6}% 30
\BOOKMARK [2][-]{subsection.2.6.5}{\376\377\0002\000.\0006\000.\0005\000\040\000E\000c\000o\000l\000o\000g\000i\000c\000a\000l\000\040\000v\000a\000l\000i\000d\000i\000t\000y}{section.2.6}% 31
\BOOKMARK [1][]{section.2.7}{\376\377\0002\000.\0007\000\040\000C\000o\000n\000f\000o\000u\000n\000d\000s\000,\000\040\000a\000r\000t\000e\000f\000a\000c\000t\000s\000\040\000a\000n\000d\000\040\000o\000t\000h\000e\000r\000\040\000t\000h\000r\000e\000a\000t\000s\000\040\000t\000o\000\040\000v\000a\000l\000i\000d\000i\000t\000y}{chapter.2}% 32
\BOOKMARK [2][-]{subsection.2.7.1}{\376\377\0002\000.\0007\000.\0001\000\040\000H\000i\000s\000t\000o\000r\000y\000\040\000e\000f\000f\000e\000c\000t\000s}{section.2.7}% 33
\BOOKMARK [2][-]{subsection.2.7.2}{\376\377\0002\000.\0007\000.\0002\000\040\000M\000a\000t\000u\000r\000a\000t\000i\000o\000n\000\040\000e\000f\000f\000e\000c\000t\000s}{section.2.7}% 34
\BOOKMARK [2][-]{subsection.2.7.3}{\376\377\0002\000.\0007\000.\0003\000\040\000R\000e\000p\000e\000a\000t\000e\000d\000\040\000t\000e\000s\000t\000i\000n\000g\000\040\000e\000f\000f\000e\000c\000t\000s}{section.2.7}% 35
\BOOKMARK [2][-]{subsection.2.7.4}{\376\377\0002\000.\0007\000.\0004\000\040\000S\000e\000l\000e\000c\000t\000i\000o\000n\000\040\000b\000i\000a\000s}{section.2.7}% 36
\BOOKMARK [2][-]{subsection.2.7.5}{\376\377\0002\000.\0007\000.\0005\000\040\000D\000i\000f\000f\000e\000r\000e\000n\000t\000i\000a\000l\000\040\000a\000t\000t\000r\000i\000t\000i\000o\000n}{section.2.7}% 37
\BOOKMARK [2][-]{subsection.2.7.6}{\376\377\0002\000.\0007\000.\0006\000\040\000N\000o\000n\000-\000r\000e\000s\000p\000o\000n\000s\000e\000\040\000b\000i\000a\000s}{section.2.7}% 38
\BOOKMARK [2][-]{subsection.2.7.7}{\376\377\0002\000.\0007\000.\0007\000\040\000R\000e\000g\000r\000e\000s\000s\000i\000o\000n\000\040\000t\000o\000\040\000t\000h\000e\000\040\000m\000e\000a\000n}{section.2.7}% 39
\BOOKMARK [2][-]{subsection.2.7.8}{\376\377\0002\000.\0007\000.\0008\000\040\000E\000x\000p\000e\000r\000i\000m\000e\000n\000t\000e\000r\000\040\000b\000i\000a\000s}{section.2.7}% 40
\BOOKMARK [2][-]{subsection.2.7.9}{\376\377\0002\000.\0007\000.\0009\000\040\000D\000e\000m\000a\000n\000d\000\040\000e\000f\000f\000e\000c\000t\000s\000\040\000a\000n\000d\000\040\000r\000e\000a\000c\000t\000i\000v\000i\000t\000y}{section.2.7}% 41
\BOOKMARK [2][-]{subsection.2.7.10}{\376\377\0002\000.\0007\000.\0001\0000\000\040\000P\000l\000a\000c\000e\000b\000o\000\040\000e\000f\000f\000e\000c\000t\000s}{section.2.7}% 42
\BOOKMARK [2][-]{subsection.2.7.11}{\376\377\0002\000.\0007\000.\0001\0001\000\040\000S\000i\000t\000u\000a\000t\000i\000o\000n\000,\000\040\000m\000e\000a\000s\000u\000r\000e\000m\000e\000n\000t\000\040\000a\000n\000d\000\040\000s\000u\000b\000-\000p\000o\000p\000u\000l\000a\000t\000i\000o\000n\000\040\000e\000f\000f\000e\000c\000t\000s}{section.2.7}% 43
\BOOKMARK [2][-]{subsection.2.7.12}{\376\377\0002\000.\0007\000.\0001\0002\000\040\000F\000r\000a\000u\000d\000,\000\040\000d\000e\000c\000e\000p\000t\000i\000o\000n\000\040\000a\000n\000d\000\040\000s\000e\000l\000f\000-\000d\000e\000c\000e\000p\000t\000i\000o\000n}{section.2.7}% 44
\BOOKMARK [1][]{section.2.8}{\376\377\0002\000.\0008\000\040\000S\000u\000m\000m\000a\000r\000y}{chapter.2}% 45
\BOOKMARK [-1][]{part.2}{\376\377\000I\000I\000\040\000A\000n\000\040\000i\000n\000t\000r\000o\000d\000u\000c\000t\000i\000o\000n\000\040\000t\000o\000\040\000j\000a\000m\000o\000v\000i}{}% 46
\BOOKMARK [0][]{chapter.3}{\376\377\0003\000\040\000G\000e\000t\000t\000i\000n\000g\000\040\000s\000t\000a\000r\000t\000e\000d\000\040\000w\000i\000t\000h\000\040\000j\000a\000m\000o\000v\000i}{part.2}% 47
\BOOKMARK [1][]{section.3.1}{\376\377\0003\000.\0001\000\040\000I\000n\000s\000t\000a\000l\000l\000i\000n\000g\000\040\000j\000a\000m\000o\000v\000i\000\040}{chapter.3}% 48
\BOOKMARK [2][-]{subsection.3.1.1}{\376\377\0003\000.\0001\000.\0001\000\040\000S\000t\000a\000r\000t\000i\000n\000g\000\040\000u\000p\000\040\000j\000a\000m\000o\000v\000i}{section.3.1}% 49
\BOOKMARK [1][]{section.3.2}{\376\377\0003\000.\0002\000\040\000A\000n\000a\000l\000y\000s\000e\000s}{chapter.3}% 50
\BOOKMARK [1][]{section.3.3}{\376\377\0003\000.\0003\000\040\000T\000h\000e\000\040\000s\000p\000r\000e\000a\000d\000s\000h\000e\000e\000t}{chapter.3}% 51
\BOOKMARK [2][-]{subsection.3.3.1}{\376\377\0003\000.\0003\000.\0001\000\040\000V\000a\000r\000i\000a\000b\000l\000e\000s}{section.3.3}% 52
\BOOKMARK [2][-]{subsection.3.3.2}{\376\377\0003\000.\0003\000.\0002\000\040\000C\000o\000m\000p\000u\000t\000e\000d\000\040\000v\000a\000r\000i\000a\000b\000l\000e\000s}{section.3.3}% 53
\BOOKMARK [2][-]{subsection.3.3.3}{\376\377\0003\000.\0003\000.\0003\000\040\000C\000o\000p\000y\000\040\000a\000n\000d\000\040\000P\000a\000s\000t\000e}{section.3.3}% 54
\BOOKMARK [2][-]{subsection.3.3.4}{\376\377\0003\000.\0003\000.\0004\000\040\000S\000y\000n\000t\000a\000x\000\040\000m\000o\000d\000e}{section.3.3}% 55
\BOOKMARK [1][]{section.3.4}{\376\377\0003\000.\0004\000\040\000L\000o\000a\000d\000i\000n\000g\000\040\000d\000a\000t\000a\000\040\000i\000n\000\040\000j\000a\000m\000o\000v\000i}{chapter.3}% 56
\BOOKMARK [2][-]{subsection.3.4.1}{\376\377\0003\000.\0004\000.\0001\000\040\000I\000m\000p\000o\000r\000t\000i\000n\000g\000\040\000d\000a\000t\000a\000\040\000f\000r\000o\000m\000\040\000c\000s\000v\000\040\000f\000i\000l\000e\000s}{section.3.4}% 57
\BOOKMARK [1][]{section.3.5}{\376\377\0003\000.\0005\000\040\000I\000m\000p\000o\000r\000t\000i\000n\000g\000\040\000u\000n\000u\000s\000u\000a\000l\000\040\000d\000a\000t\000a\000\040\000f\000i\000l\000e\000s\000\040}{chapter.3}% 58
\BOOKMARK [2][-]{subsection.3.5.1}{\376\377\0003\000.\0005\000.\0001\000\040\000L\000o\000a\000d\000i\000n\000g\000\040\000d\000a\000t\000a\000\040\000f\000r\000o\000m\000\040\000t\000e\000x\000t\000\040\000f\000i\000l\000e\000s}{section.3.5}% 59
\BOOKMARK [2][-]{subsection.3.5.2}{\376\377\0003\000.\0005\000.\0002\000\040\000L\000o\000a\000d\000i\000n\000g\000\040\000d\000a\000t\000a\000\040\000f\000r\000o\000m\000\040\000S\000P\000S\000S\000\040\000\050\000a\000n\000d\000\040\000o\000t\000h\000e\000r\000\040\000s\000t\000a\000t\000i\000s\000t\000i\000c\000s\000\040\000p\000a\000c\000k\000a\000g\000e\000s\000\051}{section.3.5}% 60
\BOOKMARK [2][-]{subsection.3.5.3}{\376\377\0003\000.\0005\000.\0003\000\040\000L\000o\000a\000d\000i\000n\000g\000\040\000E\000x\000c\000e\000l\000\040\000f\000i\000l\000e\000s}{section.3.5}% 61
\BOOKMARK [1][]{section.3.6}{\376\377\0003\000.\0006\000\040\000C\000h\000a\000n\000g\000i\000n\000g\000\040\000d\000a\000t\000a\000\040\000f\000r\000o\000m\000\040\000o\000n\000e\000\040\000l\000e\000v\000e\000l\000\040\000t\000o\000\040\000a\000n\000o\000t\000h\000e\000r}{chapter.3}% 62
\BOOKMARK [1][]{section.3.7}{\376\377\0003\000.\0007\000\040\000I\000n\000s\000t\000a\000l\000l\000i\000n\000g\000\040\000a\000d\000d\000-\000o\000n\000\040\000m\000o\000d\000u\000l\000e\000s\000\040\000i\000n\000t\000o\000\040\000j\000a\000m\000o\000v\000i\000\040}{chapter.3}% 63
\BOOKMARK [1][]{section.3.8}{\376\377\0003\000.\0008\000\040\000Q\000u\000i\000t\000t\000i\000n\000g\000\040\000j\000a\000m\000o\000v\000i\000\040}{chapter.3}% 64
\BOOKMARK [1][]{section.3.9}{\376\377\0003\000.\0009\000\040\000S\000u\000m\000m\000a\000r\000y}{chapter.3}% 65
\BOOKMARK [-1][]{part.3}{\376\377\000I\000I\000I\000\040\000W\000o\000r\000k\000i\000n\000g\000\040\000w\000i\000t\000h\000\040\000d\000a\000t\000a}{}% 66
\BOOKMARK [0][]{chapter.4}{\376\377\0004\000\040\000D\000e\000s\000c\000r\000i\000p\000t\000i\000v\000e\000\040\000s\000t\000a\000t\000i\000s\000t\000i\000c\000s}{part.3}% 67
\BOOKMARK [1][]{section.4.1}{\376\377\0004\000.\0001\000\040\000M\000e\000a\000s\000u\000r\000e\000s\000\040\000o\000f\000\040\000c\000e\000n\000t\000r\000a\000l\000\040\000t\000e\000n\000d\000e\000n\000c\000y\000\040}{chapter.4}% 68
\BOOKMARK [2][-]{subsection.4.1.1}{\376\377\0004\000.\0001\000.\0001\000\040\000T\000h\000e\000\040\000m\000e\000a\000n}{section.4.1}% 69
\BOOKMARK [2][-]{subsection.4.1.2}{\376\377\0004\000.\0001\000.\0002\000\040\000C\000a\000l\000c\000u\000l\000a\000t\000i\000n\000g\000\040\000t\000h\000e\000\040\000m\000e\000a\000n\000\040\000i\000n\000\040\000j\000a\000m\000o\000v\000i}{section.4.1}% 70
\BOOKMARK [2][-]{subsection.4.1.3}{\376\377\0004\000.\0001\000.\0003\000\040\000T\000h\000e\000\040\000m\000e\000d\000i\000a\000n}{section.4.1}% 71
\BOOKMARK [2][-]{subsection.4.1.4}{\376\377\0004\000.\0001\000.\0004\000\040\000M\000e\000a\000n\000\040\000o\000r\000\040\000m\000e\000d\000i\000a\000n\000?\000\040\000W\000h\000a\000t\000'\000s\000\040\000t\000h\000e\000\040\000d\000i\000f\000f\000e\000r\000e\000n\000c\000e\000?}{section.4.1}% 72
\BOOKMARK [2][-]{subsection.4.1.5}{\376\377\0004\000.\0001\000.\0005\000\040\000A\000\040\000r\000e\000a\000l\000\040\000l\000i\000f\000e\000\040\000e\000x\000a\000m\000p\000l\000e\000\040}{section.4.1}% 73
\BOOKMARK [2][-]{subsection.4.1.6}{\376\377\0004\000.\0001\000.\0006\000\040\000M\000o\000d\000e}{section.4.1}% 74
\BOOKMARK [1][]{section.4.2}{\376\377\0004\000.\0002\000\040\000M\000e\000a\000s\000u\000r\000e\000s\000\040\000o\000f\000\040\000v\000a\000r\000i\000a\000b\000i\000l\000i\000t\000y}{chapter.4}% 75
\BOOKMARK [2][-]{subsection.4.2.1}{\376\377\0004\000.\0002\000.\0001\000\040\000R\000a\000n\000g\000e}{section.4.2}% 76
\BOOKMARK [2][-]{subsection.4.2.2}{\376\377\0004\000.\0002\000.\0002\000\040\000I\000n\000t\000e\000r\000q\000u\000a\000r\000t\000i\000l\000e\000\040\000r\000a\000n\000g\000e}{section.4.2}% 77
\BOOKMARK [2][-]{subsection.4.2.3}{\376\377\0004\000.\0002\000.\0003\000\040\000M\000e\000a\000n\000\040\000a\000b\000s\000o\000l\000u\000t\000e\000\040\000d\000e\000v\000i\000a\000t\000i\000o\000n\000\040}{section.4.2}% 78
\BOOKMARK [2][-]{subsection.4.2.4}{\376\377\0004\000.\0002\000.\0004\000\040\000V\000a\000r\000i\000a\000n\000c\000e}{section.4.2}% 79
\BOOKMARK [2][-]{subsection.4.2.5}{\376\377\0004\000.\0002\000.\0005\000\040\000S\000t\000a\000n\000d\000a\000r\000d\000\040\000d\000e\000v\000i\000a\000t\000i\000o\000n}{section.4.2}% 80
\BOOKMARK [2][-]{subsection.4.2.6}{\376\377\0004\000.\0002\000.\0006\000\040\000W\000h\000i\000c\000h\000\040\000m\000e\000a\000s\000u\000r\000e\000\040\000t\000o\000\040\000u\000s\000e\000?}{section.4.2}% 81
\BOOKMARK [1][]{section.4.3}{\376\377\0004\000.\0003\000\040\000S\000k\000e\000w\000\040\000a\000n\000d\000\040\000k\000u\000r\000t\000o\000s\000i\000s\000\040}{chapter.4}% 82
\BOOKMARK [1][]{section.4.4}{\376\377\0004\000.\0004\000\040\000D\000e\000s\000c\000r\000i\000p\000t\000i\000v\000e\000\040\000s\000t\000a\000t\000i\000s\000t\000i\000c\000s\000\040\000s\000e\000p\000a\000r\000a\000t\000e\000l\000y\000\040\000f\000o\000r\000\040\000e\000a\000c\000h\000\040\000g\000r\000o\000u\000p\000\040}{chapter.4}% 83
\BOOKMARK [1][]{section.4.5}{\376\377\0004\000.\0005\000\040\000S\000t\000a\000n\000d\000a\000r\000d\000\040\000s\000c\000o\000r\000e\000s\000\040}{chapter.4}% 84
\BOOKMARK [1][]{section.4.6}{\376\377\0004\000.\0006\000\040\000S\000u\000m\000m\000a\000r\000y}{chapter.4}% 85
\BOOKMARK [2][-]{subsection.4.6.1}{\376\377\0004\000.\0006\000.\0001\000\040\000E\000p\000i\000l\000o\000g\000u\000e\000:\000\040\000G\000o\000o\000d\000\040\000d\000e\000s\000c\000r\000i\000p\000t\000i\000v\000e\000\040\000s\000t\000a\000t\000i\000s\000t\000i\000c\000s\000\040\000a\000r\000e\000\040\000d\000e\000s\000c\000r\000i\000p\000t\000i\000v\000e\000!}{section.4.6}% 86
\BOOKMARK [0][]{chapter.5}{\376\377\0005\000\040\000D\000r\000a\000w\000i\000n\000g\000\040\000g\000r\000a\000p\000h\000s}{part.3}% 87
\BOOKMARK [1][]{section.5.1}{\376\377\0005\000.\0001\000\040\000H\000i\000s\000t\000o\000g\000r\000a\000m\000s}{chapter.5}% 88
\BOOKMARK [1][]{section.5.2}{\376\377\0005\000.\0002\000\040\000B\000o\000x\000p\000l\000o\000t\000s\000\040}{chapter.5}% 89
\BOOKMARK [2][-]{subsection.5.2.1}{\376\377\0005\000.\0002\000.\0001\000\040\000V\000i\000o\000l\000i\000n\000\040\000p\000l\000o\000t\000s\000\040}{section.5.2}% 90
\BOOKMARK [2][-]{subsection.5.2.2}{\376\377\0005\000.\0002\000.\0002\000\040\000D\000r\000a\000w\000i\000n\000g\000\040\000m\000u\000l\000t\000i\000p\000l\000e\000\040\000b\000o\000x\000p\000l\000o\000t\000s\000\040}{section.5.2}% 91
\BOOKMARK [2][-]{subsection.5.2.3}{\376\377\0005\000.\0002\000.\0003\000\040\000U\000s\000i\000n\000g\000\040\000b\000o\000x\000\040\000p\000l\000o\000t\000s\000\040\000t\000o\000\040\000d\000e\000t\000e\000c\000t\000\040\000o\000u\000t\000l\000i\000e\000r\000s\000\040}{section.5.2}% 92
\BOOKMARK [1][]{section.5.3}{\376\377\0005\000.\0003\000\040\000B\000a\000r\000\040\000g\000r\000a\000p\000h\000s}{chapter.5}% 93
\BOOKMARK [1][]{section.5.4}{\376\377\0005\000.\0004\000\040\000S\000a\000v\000i\000n\000g\000\040\000i\000m\000a\000g\000e\000\040\000f\000i\000l\000e\000s\000\040\000u\000s\000i\000n\000g\000\040\000j\000a\000m\000o\000v\000i\000\040}{chapter.5}% 94
\BOOKMARK [1][]{section.5.5}{\376\377\0005\000.\0005\000\040\000S\000u\000m\000m\000a\000r\000y}{chapter.5}% 95
\BOOKMARK [0][]{chapter.6}{\376\377\0006\000\040\000P\000r\000a\000g\000m\000a\000t\000i\000c\000\040\000m\000a\000t\000t\000e\000r\000s\000\040}{part.3}% 96
\BOOKMARK [1][]{section.6.1}{\376\377\0006\000.\0001\000\040\000T\000a\000b\000u\000l\000a\000t\000i\000n\000g\000\040\000a\000n\000d\000\040\000c\000r\000o\000s\000s\000-\000t\000a\000b\000u\000l\000a\000t\000i\000n\000g\000\040\000d\000a\000t\000a}{chapter.6}% 97
\BOOKMARK [2][-]{subsection.6.1.1}{\376\377\0006\000.\0001\000.\0001\000\040\000C\000r\000e\000a\000t\000i\000n\000g\000\040\000t\000a\000b\000l\000e\000s\000\040\000f\000o\000r\000\040\000s\000i\000n\000g\000l\000e\000\040\000v\000a\000r\000i\000a\000b\000l\000e\000s}{section.6.1}% 98
\BOOKMARK [2][-]{subsection.6.1.2}{\376\377\0006\000.\0001\000.\0002\000\040\000A\000d\000d\000i\000n\000g\000\040\000p\000e\000r\000c\000e\000n\000t\000a\000g\000e\000s\000\040\000t\000o\000\040\000a\000\040\000c\000o\000n\000t\000i\000n\000g\000e\000n\000c\000y\000\040\000t\000a\000b\000l\000e}{section.6.1}% 99
\BOOKMARK [1][]{section.6.2}{\376\377\0006\000.\0002\000\040\000L\000o\000g\000i\000c\000a\000l\000\040\000e\000x\000p\000r\000e\000s\000s\000i\000o\000n\000s\000\040\000i\000n\000\040\000j\000a\000m\000o\000v\000i}{chapter.6}% 100
\BOOKMARK [2][-]{subsection.6.2.1}{\376\377\0006\000.\0002\000.\0001\000\040\000A\000s\000s\000e\000s\000s\000i\000n\000g\000\040\000m\000a\000t\000h\000e\000m\000a\000t\000i\000c\000a\000l\000\040\000t\000r\000u\000t\000h\000s}{section.6.2}% 101
\BOOKMARK [2][-]{subsection.6.2.2}{\376\377\0006\000.\0002\000.\0002\000\040\000L\000o\000g\000i\000c\000a\000l\000\040\000o\000p\000e\000r\000a\000t\000i\000o\000n\000s}{section.6.2}% 102
\BOOKMARK [2][-]{subsection.6.2.3}{\376\377\0006\000.\0002\000.\0003\000\040\000A\000p\000p\000l\000y\000i\000n\000g\000\040\000l\000o\000g\000i\000c\000a\000l\000\040\000o\000p\000e\000r\000a\000t\000i\000o\000n\000\040\000t\000o\000\040\000t\000e\000x\000t\000\040}{section.6.2}% 103
\BOOKMARK [1][]{section.6.3}{\376\377\0006\000.\0003\000\040\000T\000r\000a\000n\000s\000f\000o\000r\000m\000i\000n\000g\000\040\000a\000n\000d\000\040\000r\000e\000c\000o\000d\000i\000n\000g\000\040\000a\000\040\000v\000a\000r\000i\000a\000b\000l\000e\000\040}{chapter.6}% 104
\BOOKMARK [2][-]{subsection.6.3.1}{\376\377\0006\000.\0003\000.\0001\000\040\000C\000r\000e\000a\000t\000i\000n\000g\000\040\000a\000\040\000t\000r\000a\000n\000s\000f\000o\000r\000m\000e\000d\000\040\000v\000a\000r\000i\000a\000b\000l\000e}{section.6.3}% 105
\BOOKMARK [2][-]{subsection.6.3.2}{\376\377\0006\000.\0003\000.\0002\000\040\000C\000o\000l\000l\000a\000p\000s\000i\000n\000g\000\040\000a\000\040\000v\000a\000r\000i\000a\000b\000l\000e\000\040\000i\000n\000t\000o\000\040\000a\000\040\000s\000m\000a\000l\000l\000e\000r\000\040\000n\000u\000m\000b\000e\000r\000\040\000o\000f\000\040\000d\000i\000s\000c\000r\000e\000t\000e\000\040\000l\000e\000v\000e\000l\000s\000\040\000o\000r\000\040\000c\000a\000t\000e\000g\000o\000r\000i\000e\000s}{section.6.3}% 106
\BOOKMARK [2][-]{subsection.6.3.3}{\376\377\0006\000.\0003\000.\0003\000\040\000C\000r\000e\000a\000t\000i\000n\000g\000\040\000a\000\040\000t\000r\000a\000n\000s\000f\000o\000r\000m\000a\000t\000i\000o\000n\000\040\000t\000h\000a\000t\000\040\000c\000a\000n\000\040\000b\000e\000\040\000a\000p\000p\000l\000i\000e\000d\000\040\000t\000o\000\040\000m\000u\000l\000t\000i\000p\000l\000e\000\040\000v\000a\000r\000i\000a\000b\000l\000e\000s}{section.6.3}% 107
\BOOKMARK [1][]{section.6.4}{\376\377\0006\000.\0004\000\040\000A\000\040\000f\000e\000w\000\040\000m\000o\000r\000e\000\040\000m\000a\000t\000h\000e\000m\000a\000t\000i\000c\000a\000l\000\040\000f\000u\000n\000c\000t\000i\000o\000n\000s\000\040\000a\000n\000d\000\040\000o\000p\000e\000r\000a\000t\000i\000o\000n\000s\000\040}{chapter.6}% 108
\BOOKMARK [2][-]{subsection.6.4.1}{\376\377\0006\000.\0004\000.\0001\000\040\000L\000o\000g\000a\000r\000i\000t\000h\000m\000s\000\040\000a\000n\000d\000\040\000e\000x\000p\000o\000n\000e\000n\000t\000i\000a\000l\000s}{section.6.4}% 109
\BOOKMARK [1][]{section.6.5}{\376\377\0006\000.\0005\000\040\000E\000x\000t\000r\000a\000c\000t\000i\000n\000g\000\040\000a\000\040\000s\000u\000b\000s\000e\000t\000\040\000o\000f\000\040\000t\000h\000e\000\040\000d\000a\000t\000a\000\040}{chapter.6}% 110
\BOOKMARK [1][]{section.6.6}{\376\377\0006\000.\0006\000\040\000S\000u\000m\000m\000a\000r\000y}{chapter.6}% 111
\BOOKMARK [-1][]{part.4}{\376\377\000I\000V\000\040\000S\000t\000a\000t\000i\000s\000t\000i\000c\000a\000l\000\040\000t\000h\000e\000o\000r\000y}{}% 112
\BOOKMARK [0][]{chapter.7}{\376\377\0007\000\040\000I\000n\000t\000r\000o\000d\000u\000c\000t\000i\000o\000n\000\040\000t\000o\000\040\000p\000r\000o\000b\000a\000b\000i\000l\000i\000t\000y}{part.4}% 113
\BOOKMARK [1][]{section.7.1}{\376\377\0007\000.\0001\000\040\000H\000o\000w\000\040\000a\000r\000e\000\040\000p\000r\000o\000b\000a\000b\000i\000l\000i\000t\000y\000\040\000a\000n\000d\000\040\000s\000t\000a\000t\000i\000s\000t\000i\000c\000s\000\040\000d\000i\000f\000f\000e\000r\000e\000n\000t\000?\000\040}{chapter.7}% 114
\BOOKMARK [1][]{section.7.2}{\376\377\0007\000.\0002\000\040\000W\000h\000a\000t\000\040\000d\000o\000e\000s\000\040\000p\000r\000o\000b\000a\000b\000i\000l\000i\000t\000y\000\040\000m\000e\000a\000n\000?}{chapter.7}% 115
\BOOKMARK [2][-]{subsection.7.2.1}{\376\377\0007\000.\0002\000.\0001\000\040\000T\000h\000e\000\040\000f\000r\000e\000q\000u\000e\000n\000t\000i\000s\000t\000\040\000v\000i\000e\000w}{section.7.2}% 116
\BOOKMARK [2][-]{subsection.7.2.2}{\376\377\0007\000.\0002\000.\0002\000\040\000T\000h\000e\000\040\000B\000a\000y\000e\000s\000i\000a\000n\000\040\000v\000i\000e\000w}{section.7.2}% 117
\BOOKMARK [2][-]{subsection.7.2.3}{\376\377\0007\000.\0002\000.\0003\000\040\000W\000h\000a\000t\000'\000s\000\040\000t\000h\000e\000\040\000d\000i\000f\000f\000e\000r\000e\000n\000c\000e\000?\000\040\000A\000n\000d\000\040\000w\000h\000o\000\040\000i\000s\000\040\000r\000i\000g\000h\000t\000?}{section.7.2}% 118
\BOOKMARK [1][]{section.7.3}{\376\377\0007\000.\0003\000\040\000B\000a\000s\000i\000c\000\040\000p\000r\000o\000b\000a\000b\000i\000l\000i\000t\000y\000\040\000t\000h\000e\000o\000r\000y\000\040}{chapter.7}% 119
\BOOKMARK [2][-]{subsection.7.3.1}{\376\377\0007\000.\0003\000.\0001\000\040\000I\000n\000t\000r\000o\000d\000u\000c\000i\000n\000g\000\040\000p\000r\000o\000b\000a\000b\000i\000l\000i\000t\000y\000\040\000d\000i\000s\000t\000r\000i\000b\000u\000t\000i\000o\000n\000s}{section.7.3}% 120
\BOOKMARK [1][]{section.7.4}{\376\377\0007\000.\0004\000\040\000T\000h\000e\000\040\000b\000i\000n\000o\000m\000i\000a\000l\000\040\000d\000i\000s\000t\000r\000i\000b\000u\000t\000i\000o\000n}{chapter.7}% 121
\BOOKMARK [2][-]{subsection.7.4.1}{\376\377\0007\000.\0004\000.\0001\000\040\000I\000n\000t\000r\000o\000d\000u\000c\000i\000n\000g\000\040\000t\000h\000e\000\040\000b\000i\000n\000o\000m\000i\000a\000l}{section.7.4}% 122
\BOOKMARK [1][]{section.7.5}{\376\377\0007\000.\0005\000\040\000T\000h\000e\000\040\000n\000o\000r\000m\000a\000l\000\040\000d\000i\000s\000t\000r\000i\000b\000u\000t\000i\000o\000n}{chapter.7}% 123
\BOOKMARK [2][-]{subsection.7.5.1}{\376\377\0007\000.\0005\000.\0001\000\040\000P\000r\000o\000b\000a\000b\000i\000l\000i\000t\000y\000\040\000d\000e\000n\000s\000i\000t\000y\000\040\000\040}{section.7.5}% 124
\BOOKMARK [1][]{section.7.6}{\376\377\0007\000.\0006\000\040\000O\000t\000h\000e\000r\000\040\000u\000s\000e\000f\000u\000l\000\040\000d\000i\000s\000t\000r\000i\000b\000u\000t\000i\000o\000n\000s\000\040}{chapter.7}% 125
\BOOKMARK [1][]{section.7.7}{\376\377\0007\000.\0007\000\040\000S\000u\000m\000m\000a\000r\000y}{chapter.7}% 126
\BOOKMARK [0][]{chapter.8}{\376\377\0008\000\040\000E\000s\000t\000i\000m\000a\000t\000i\000n\000g\000\040\000u\000n\000k\000n\000o\000w\000n\000\040\000q\000u\000a\000n\000t\000i\000t\000i\000e\000s\000\040\000f\000r\000o\000m\000\040\000a\000\040\000s\000a\000m\000p\000l\000e}{part.4}% 127
\BOOKMARK [1][]{section.8.1}{\376\377\0008\000.\0001\000\040\000S\000a\000m\000p\000l\000e\000s\000,\000\040\000p\000o\000p\000u\000l\000a\000t\000i\000o\000n\000s\000\040\000a\000n\000d\000\040\000s\000a\000m\000p\000l\000i\000n\000g\000\040}{chapter.8}% 128
\BOOKMARK [2][-]{subsection.8.1.1}{\376\377\0008\000.\0001\000.\0001\000\040\000D\000e\000f\000i\000n\000i\000n\000g\000\040\000a\000\040\000p\000o\000p\000u\000l\000a\000t\000i\000o\000n\000\040}{section.8.1}% 129
\BOOKMARK [2][-]{subsection.8.1.2}{\376\377\0008\000.\0001\000.\0002\000\040\000S\000i\000m\000p\000l\000e\000\040\000r\000a\000n\000d\000o\000m\000\040\000s\000a\000m\000p\000l\000e\000s}{section.8.1}% 130
\BOOKMARK [2][-]{subsection.8.1.3}{\376\377\0008\000.\0001\000.\0003\000\040\000M\000o\000s\000t\000\040\000s\000a\000m\000p\000l\000e\000s\000\040\000a\000r\000e\000\040\000n\000o\000t\000\040\000s\000i\000m\000p\000l\000e\000\040\000r\000a\000n\000d\000o\000m\000\040\000s\000a\000m\000p\000l\000e\000s}{section.8.1}% 131
\BOOKMARK [2][-]{subsection.8.1.4}{\376\377\0008\000.\0001\000.\0004\000\040\000H\000o\000w\000\040\000m\000u\000c\000h\000\040\000d\000o\000e\000s\000\040\000i\000t\000\040\000m\000a\000t\000t\000e\000r\000\040\000i\000f\000\040\000y\000o\000u\000\040\000d\000o\000n\000'\000t\000\040\000h\000a\000v\000e\000\040\000a\000\040\000s\000i\000m\000p\000l\000e\000\040\000r\000a\000n\000d\000o\000m\000\040\000s\000a\000m\000p\000l\000e\000?}{section.8.1}% 132
\BOOKMARK [2][-]{subsection.8.1.5}{\376\377\0008\000.\0001\000.\0005\000\040\000P\000o\000p\000u\000l\000a\000t\000i\000o\000n\000\040\000p\000a\000r\000a\000m\000e\000t\000e\000r\000s\000\040\000a\000n\000d\000\040\000s\000a\000m\000p\000l\000e\000\040\000s\000t\000a\000t\000i\000s\000t\000i\000c\000s}{section.8.1}% 133
\BOOKMARK [1][]{section.8.2}{\376\377\0008\000.\0002\000\040\000T\000h\000e\000\040\000l\000a\000w\000\040\000o\000f\000\040\000l\000a\000r\000g\000e\000\040\000n\000u\000m\000b\000e\000r\000s\000\040}{chapter.8}% 134
\BOOKMARK [1][]{section.8.3}{\376\377\0008\000.\0003\000\040\000S\000a\000m\000p\000l\000i\000n\000g\000\040\000d\000i\000s\000t\000r\000i\000b\000u\000t\000i\000o\000n\000s\000\040\000a\000n\000d\000\040\000t\000h\000e\000\040\000c\000e\000n\000t\000r\000a\000l\000\040\000l\000i\000m\000i\000t\000\040\000t\000h\000e\000o\000r\000e\000m\000\040}{chapter.8}% 135
\BOOKMARK [2][-]{subsection.8.3.1}{\376\377\0008\000.\0003\000.\0001\000\040\000S\000a\000m\000p\000l\000i\000n\000g\000\040\000d\000i\000s\000t\000r\000i\000b\000u\000t\000i\000o\000n\000\040\000o\000f\000\040\000t\000h\000e\000\040\000m\000e\000a\000n\000\040}{section.8.3}% 136
\BOOKMARK [2][-]{subsection.8.3.2}{\376\377\0008\000.\0003\000.\0002\000\040\000S\000a\000m\000p\000l\000i\000n\000g\000\040\000d\000i\000s\000t\000r\000i\000b\000u\000t\000i\000o\000n\000s\000\040\000e\000x\000i\000s\000t\000\040\000f\000o\000r\000\040\000a\000n\000y\000\040\000s\000a\000m\000p\000l\000e\000\040\000s\000t\000a\000t\000i\000s\000t\000i\000c\000!}{section.8.3}% 137
\BOOKMARK [2][-]{subsection.8.3.3}{\376\377\0008\000.\0003\000.\0003\000\040\000T\000h\000e\000\040\000c\000e\000n\000t\000r\000a\000l\000\040\000l\000i\000m\000i\000t\000\040\000t\000h\000e\000o\000r\000e\000m\000\040}{section.8.3}% 138
\BOOKMARK [1][]{section.8.4}{\376\377\0008\000.\0004\000\040\000E\000s\000t\000i\000m\000a\000t\000i\000n\000g\000\040\000p\000o\000p\000u\000l\000a\000t\000i\000o\000n\000\040\000p\000a\000r\000a\000m\000e\000t\000e\000r\000s\000\040}{chapter.8}% 139
\BOOKMARK [2][-]{subsection.8.4.1}{\376\377\0008\000.\0004\000.\0001\000\040\000E\000s\000t\000i\000m\000a\000t\000i\000n\000g\000\040\000t\000h\000e\000\040\000p\000o\000p\000u\000l\000a\000t\000i\000o\000n\000\040\000m\000e\000a\000n}{section.8.4}% 140
\BOOKMARK [2][-]{subsection.8.4.2}{\376\377\0008\000.\0004\000.\0002\000\040\000E\000s\000t\000i\000m\000a\000t\000i\000n\000g\000\040\000t\000h\000e\000\040\000p\000o\000p\000u\000l\000a\000t\000i\000o\000n\000\040\000s\000t\000a\000n\000d\000a\000r\000d\000\040\000d\000e\000v\000i\000a\000t\000i\000o\000n}{section.8.4}% 141
\BOOKMARK [1][]{section.8.5}{\376\377\0008\000.\0005\000\040\000E\000s\000t\000i\000m\000a\000t\000i\000n\000g\000\040\000a\000\040\000c\000o\000n\000f\000i\000d\000e\000n\000c\000e\000\040\000i\000n\000t\000e\000r\000v\000a\000l}{chapter.8}% 142
\BOOKMARK [2][-]{subsection.8.5.1}{\376\377\0008\000.\0005\000.\0001\000\040\000A\000\040\000s\000l\000i\000g\000h\000t\000\040\000m\000i\000s\000t\000a\000k\000e\000\040\000i\000n\000\040\000t\000h\000e\000\040\000f\000o\000r\000m\000u\000l\000a}{section.8.5}% 143
\BOOKMARK [2][-]{subsection.8.5.2}{\376\377\0008\000.\0005\000.\0002\000\040\000I\000n\000t\000e\000r\000p\000r\000e\000t\000i\000n\000g\000\040\000a\000\040\000c\000o\000n\000f\000i\000d\000e\000n\000c\000e\000\040\000i\000n\000t\000e\000r\000v\000a\000l}{section.8.5}% 144
\BOOKMARK [2][-]{subsection.8.5.3}{\376\377\0008\000.\0005\000.\0003\000\040\000C\000a\000l\000c\000u\000l\000a\000t\000i\000n\000g\000\040\000c\000o\000n\000f\000i\000d\000e\000n\000c\000e\000\040\000i\000n\000t\000e\000r\000v\000a\000l\000s\000\040\000i\000n\000\040\000j\000a\000m\000o\000v\000i}{section.8.5}% 145
\BOOKMARK [1][]{section.8.6}{\376\377\0008\000.\0006\000\040\000S\000u\000m\000m\000a\000r\000y}{chapter.8}% 146
\BOOKMARK [0][]{chapter.9}{\376\377\0009\000\040\000H\000y\000p\000o\000t\000h\000e\000s\000i\000s\000\040\000t\000e\000s\000t\000i\000n\000g}{part.4}% 147
\BOOKMARK [1][]{section.9.1}{\376\377\0009\000.\0001\000\040\000A\000\040\000m\000e\000n\000a\000g\000e\000r\000i\000e\000\040\000o\000f\000\040\000h\000y\000p\000o\000t\000h\000e\000s\000e\000s\000\040}{chapter.9}% 148
\BOOKMARK [2][-]{subsection.9.1.1}{\376\377\0009\000.\0001\000.\0001\000\040\000R\000e\000s\000e\000a\000r\000c\000h\000\040\000h\000y\000p\000o\000t\000h\000e\000s\000e\000s\000\040\000v\000e\000r\000s\000u\000s\000\040\000s\000t\000a\000t\000i\000s\000t\000i\000c\000a\000l\000\040\000h\000y\000p\000o\000t\000h\000e\000s\000e\000s}{section.9.1}% 149
\BOOKMARK [2][-]{subsection.9.1.2}{\376\377\0009\000.\0001\000.\0002\000\040\000N\000u\000l\000l\000\040\000h\000y\000p\000o\000t\000h\000e\000s\000e\000s\000\040\000a\000n\000d\000\040\000a\000l\000t\000e\000r\000n\000a\000t\000i\000v\000e\000\040\000h\000y\000p\000o\000t\000h\000e\000s\000e\000s}{section.9.1}% 150
\BOOKMARK [1][]{section.9.2}{\376\377\0009\000.\0002\000\040\000T\000w\000o\000\040\000t\000y\000p\000e\000s\000\040\000o\000f\000\040\000e\000r\000r\000o\000r\000s\000\040}{chapter.9}% 151
\BOOKMARK [1][]{section.9.3}{\376\377\0009\000.\0003\000\040\000T\000e\000s\000t\000\040\000s\000t\000a\000t\000i\000s\000t\000i\000c\000s\000\040\000a\000n\000d\000\040\000s\000a\000m\000p\000l\000i\000n\000g\000\040\000d\000i\000s\000t\000r\000i\000b\000u\000t\000i\000o\000n\000s\000\040}{chapter.9}% 152
\BOOKMARK [1][]{section.9.4}{\376\377\0009\000.\0004\000\040\000M\000a\000k\000i\000n\000g\000\040\000d\000e\000c\000i\000s\000i\000o\000n\000s\000\040}{chapter.9}% 153
\BOOKMARK [2][-]{subsection.9.4.1}{\376\377\0009\000.\0004\000.\0001\000\040\000C\000r\000i\000t\000i\000c\000a\000l\000\040\000r\000e\000g\000i\000o\000n\000s\000\040\000a\000n\000d\000\040\000c\000r\000i\000t\000i\000c\000a\000l\000\040\000v\000a\000l\000u\000e\000s}{section.9.4}% 154
\BOOKMARK [2][-]{subsection.9.4.2}{\376\377\0009\000.\0004\000.\0002\000\040\000A\000\040\000n\000o\000t\000e\000\040\000o\000n\000\040\000s\000t\000a\000t\000i\000s\000t\000i\000c\000a\000l\000\040\000`\000`\000s\000i\000g\000n\000i\000f\000i\000c\000a\000n\000c\000e\000'\000'}{section.9.4}% 155
\BOOKMARK [2][-]{subsection.9.4.3}{\376\377\0009\000.\0004\000.\0003\000\040\000T\000h\000e\000\040\000d\000i\000f\000f\000e\000r\000e\000n\000c\000e\000\040\000b\000e\000t\000w\000e\000e\000n\000\040\000o\000n\000e\000\040\000s\000i\000d\000e\000d\000\040\000a\000n\000d\000\040\000t\000w\000o\000\040\000s\000i\000d\000e\000d\000\040\000t\000e\000s\000t\000s}{section.9.4}% 156
\BOOKMARK [1][]{section.9.5}{\376\377\0009\000.\0005\000\040\000T\000h\000e\000\040\000\040\000v\000a\000l\000u\000e\000\040\000o\000f\000\040\000a\000\040\000t\000e\000s\000t\000\040}{chapter.9}% 157
\BOOKMARK [2][-]{subsection.9.5.1}{\376\377\0009\000.\0005\000.\0001\000\040\000A\000\040\000s\000o\000f\000t\000e\000r\000\040\000v\000i\000e\000w\000\040\000o\000f\000\040\000d\000e\000c\000i\000s\000i\000o\000n\000\040\000m\000a\000k\000i\000n\000g}{section.9.5}% 158
\BOOKMARK [2][-]{subsection.9.5.2}{\376\377\0009\000.\0005\000.\0002\000\040\000T\000h\000e\000\040\000p\000r\000o\000b\000a\000b\000i\000l\000i\000t\000y\000\040\000o\000f\000\040\000e\000x\000t\000r\000e\000m\000e\000\040\000d\000a\000t\000a}{section.9.5}% 159
\BOOKMARK [2][-]{subsection.9.5.3}{\376\377\0009\000.\0005\000.\0003\000\040\000A\000\040\000c\000o\000m\000m\000o\000n\000\040\000m\000i\000s\000t\000a\000k\000e}{section.9.5}% 160
\BOOKMARK [1][]{section.9.6}{\376\377\0009\000.\0006\000\040\000R\000e\000p\000o\000r\000t\000i\000n\000g\000\040\000t\000h\000e\000\040\000r\000e\000s\000u\000l\000t\000s\000\040\000o\000f\000\040\000a\000\040\000h\000y\000p\000o\000t\000h\000e\000s\000i\000s\000\040\000t\000e\000s\000t\000\040}{chapter.9}% 161
\BOOKMARK [2][-]{subsection.9.6.1}{\376\377\0009\000.\0006\000.\0001\000\040\000T\000h\000e\000\040\000i\000s\000s\000u\000e}{section.9.6}% 162
\BOOKMARK [2][-]{subsection.9.6.2}{\376\377\0009\000.\0006\000.\0002\000\040\000T\000w\000o\000\040\000p\000r\000o\000p\000o\000s\000e\000d\000\040\000s\000o\000l\000u\000t\000i\000o\000n\000s}{section.9.6}% 163
\BOOKMARK [1][]{section.9.7}{\376\377\0009\000.\0007\000\040\000R\000u\000n\000n\000i\000n\000g\000\040\000t\000h\000e\000\040\000h\000y\000p\000o\000t\000h\000e\000s\000i\000s\000\040\000t\000e\000s\000t\000\040\000i\000n\000\040\000p\000r\000a\000c\000t\000i\000c\000e\000\040}{chapter.9}% 164
\BOOKMARK [1][]{section.9.8}{\376\377\0009\000.\0008\000\040\000E\000f\000f\000e\000c\000t\000\040\000s\000i\000z\000e\000,\000\040\000s\000a\000m\000p\000l\000e\000\040\000s\000i\000z\000e\000\040\000a\000n\000d\000\040\000p\000o\000w\000e\000r\000\040}{chapter.9}% 165
\BOOKMARK [2][-]{subsection.9.8.1}{\376\377\0009\000.\0008\000.\0001\000\040\000T\000h\000e\000\040\000p\000o\000w\000e\000r\000\040\000f\000u\000n\000c\000t\000i\000o\000n}{section.9.8}% 166
\BOOKMARK [2][-]{subsection.9.8.2}{\376\377\0009\000.\0008\000.\0002\000\040\000E\000f\000f\000e\000c\000t\000\040\000s\000i\000z\000e}{section.9.8}% 167
\BOOKMARK [2][-]{subsection.9.8.3}{\376\377\0009\000.\0008\000.\0003\000\040\000I\000n\000c\000r\000e\000a\000s\000i\000n\000g\000\040\000t\000h\000e\000\040\000p\000o\000w\000e\000r\000\040\000o\000f\000\040\000y\000o\000u\000r\000\040\000s\000t\000u\000d\000y}{section.9.8}% 168
\BOOKMARK [1][]{section.9.9}{\376\377\0009\000.\0009\000\040\000S\000o\000m\000e\000\040\000i\000s\000s\000u\000e\000s\000\040\000t\000o\000\040\000c\000o\000n\000s\000i\000d\000e\000r\000\040}{chapter.9}% 169
\BOOKMARK [2][-]{subsection.9.9.1}{\376\377\0009\000.\0009\000.\0001\000\040\000N\000e\000y\000m\000a\000n\000\040\000v\000e\000r\000s\000u\000s\000\040\000F\000i\000s\000h\000e\000r}{section.9.9}% 170
\BOOKMARK [2][-]{subsection.9.9.2}{\376\377\0009\000.\0009\000.\0002\000\040\000B\000a\000y\000e\000s\000i\000a\000n\000s\000\040\000v\000e\000r\000s\000u\000s\000\040\000f\000r\000e\000q\000u\000e\000n\000t\000i\000s\000t\000s}{section.9.9}% 171
\BOOKMARK [2][-]{subsection.9.9.3}{\376\377\0009\000.\0009\000.\0003\000\040\000T\000r\000a\000p\000s}{section.9.9}% 172
\BOOKMARK [1][]{section.9.10}{\376\377\0009\000.\0001\0000\000\040\000S\000u\000m\000m\000a\000r\000y}{chapter.9}% 173
\BOOKMARK [-1][]{part.5}{\376\377\000V\000\040\000S\000t\000a\000t\000i\000s\000t\000i\000c\000a\000l\000\040\000t\000o\000o\000l\000s}{}% 174
\BOOKMARK [0][]{chapter.10}{\376\377\0001\0000\000\040\000C\000a\000t\000e\000g\000o\000r\000i\000c\000a\000l\000\040\000d\000a\000t\000a\000\040\000a\000n\000a\000l\000y\000s\000i\000s}{part.5}% 175
\BOOKMARK [1][]{section.10.1}{\376\377\0001\0000\000.\0001\000\040\000T\000h\000e\000\040\000\040\000\050\000c\000h\000i\000-\000s\000q\000u\000a\000r\000e\000\051\000\040\000g\000o\000o\000d\000n\000e\000s\000s\000-\000o\000f\000-\000f\000i\000t\000\040\000t\000e\000s\000t\000\040}{chapter.10}% 176
\BOOKMARK [2][-]{subsection.10.1.1}{\376\377\0001\0000\000.\0001\000.\0001\000\040\000T\000h\000e\000\040\000c\000a\000r\000d\000s\000\040\000d\000a\000t\000a}{section.10.1}% 177
\BOOKMARK [2][-]{subsection.10.1.2}{\376\377\0001\0000\000.\0001\000.\0002\000\040\000T\000h\000e\000\040\000n\000u\000l\000l\000\040\000h\000y\000p\000o\000t\000h\000e\000s\000i\000s\000\040\000a\000n\000d\000\040\000t\000h\000e\000\040\000a\000l\000t\000e\000r\000n\000a\000t\000i\000v\000e\000\040\000h\000y\000p\000o\000t\000h\000e\000s\000i\000s}{section.10.1}% 178
\BOOKMARK [2][-]{subsection.10.1.3}{\376\377\0001\0000\000.\0001\000.\0003\000\040\000T\000h\000e\000\040\000`\000`\000g\000o\000o\000d\000n\000e\000s\000s\000-\000o\000f\000-\000f\000i\000t\000'\000'\000\040\000t\000e\000s\000t\000\040\000s\000t\000a\000t\000i\000s\000t\000i\000c}{section.10.1}% 179
\BOOKMARK [2][-]{subsection.10.1.4}{\376\377\0001\0000\000.\0001\000.\0004\000\040\000T\000h\000e\000\040\000s\000a\000m\000p\000l\000i\000n\000g\000\040\000d\000i\000s\000t\000r\000i\000b\000u\000t\000i\000o\000n\000\040\000o\000f\000\040\000t\000h\000e\000\040\000G\000O\000F\000\040\000s\000t\000a\000t\000i\000s\000t\000i\000c\000\040}{section.10.1}% 180
\BOOKMARK [2][-]{subsection.10.1.5}{\376\377\0001\0000\000.\0001\000.\0005\000\040\000D\000e\000g\000r\000e\000e\000s\000\040\000o\000f\000\040\000f\000r\000e\000e\000d\000o\000m}{section.10.1}% 181
\BOOKMARK [2][-]{subsection.10.1.6}{\376\377\0001\0000\000.\0001\000.\0006\000\040\000T\000e\000s\000t\000i\000n\000g\000\040\000t\000h\000e\000\040\000n\000u\000l\000l\000\040\000h\000y\000p\000o\000t\000h\000e\000s\000i\000s}{section.10.1}% 182
\BOOKMARK [2][-]{subsection.10.1.7}{\376\377\0001\0000\000.\0001\000.\0007\000\040\000D\000o\000i\000n\000g\000\040\000t\000h\000e\000\040\000t\000e\000s\000t\000\040\000i\000n\000\040\000j\000a\000m\000o\000v\000i}{section.10.1}% 183
\BOOKMARK [2][-]{subsection.10.1.8}{\376\377\0001\0000\000.\0001\000.\0008\000\040\000S\000p\000e\000c\000i\000f\000y\000i\000n\000g\000\040\000a\000\040\000d\000i\000f\000f\000e\000r\000e\000n\000t\000\040\000n\000u\000l\000l\000\040\000h\000y\000p\000o\000t\000h\000e\000s\000i\000s}{section.10.1}% 184
\BOOKMARK [2][-]{subsection.10.1.9}{\376\377\0001\0000\000.\0001\000.\0009\000\040\000H\000o\000w\000\040\000t\000o\000\040\000r\000e\000p\000o\000r\000t\000\040\000t\000h\000e\000\040\000r\000e\000s\000u\000l\000t\000s\000\040\000o\000f\000\040\000t\000h\000e\000\040\000t\000e\000s\000t\000\040}{section.10.1}% 185
\BOOKMARK [2][-]{subsection.10.1.10}{\376\377\0001\0000\000.\0001\000.\0001\0000\000\040\000A\000\040\000c\000o\000m\000m\000e\000n\000t\000\040\000o\000n\000\040\000s\000t\000a\000t\000i\000s\000t\000i\000c\000a\000l\000\040\000n\000o\000t\000a\000t\000i\000o\000n\000\040}{section.10.1}% 186
\BOOKMARK [1][]{section.10.2}{\376\377\0001\0000\000.\0002\000\040\000T\000h\000e\000\040\000\040\000t\000e\000s\000t\000\040\000o\000f\000\040\000i\000n\000d\000e\000p\000e\000n\000d\000e\000n\000c\000e\000\040\000\050\000o\000r\000\040\000a\000s\000s\000o\000c\000i\000a\000t\000i\000o\000n\000\051\000\040}{chapter.10}% 187
\BOOKMARK [2][-]{subsection.10.2.1}{\376\377\0001\0000\000.\0002\000.\0001\000\040\000C\000o\000n\000s\000t\000r\000u\000c\000t\000i\000n\000g\000\040\000o\000u\000r\000\040\000h\000y\000p\000o\000t\000h\000e\000s\000i\000s\000\040\000t\000e\000s\000t}{section.10.2}% 188
\BOOKMARK [2][-]{subsection.10.2.2}{\376\377\0001\0000\000.\0002\000.\0002\000\040\000D\000o\000i\000n\000g\000\040\000t\000h\000e\000\040\000t\000e\000s\000t\000\040\000i\000n\000\040\000j\000a\000m\000o\000v\000i}{section.10.2}% 189
\BOOKMARK [2][-]{subsection.10.2.3}{\376\377\0001\0000\000.\0002\000.\0003\000\040\000P\000o\000s\000t\000s\000c\000r\000i\000p\000t}{section.10.2}% 190
\BOOKMARK [1][]{section.10.3}{\376\377\0001\0000\000.\0003\000\040\000T\000h\000e\000\040\000c\000o\000n\000t\000i\000n\000u\000i\000t\000y\000\040\000c\000o\000r\000r\000e\000c\000t\000i\000o\000n\000\040}{chapter.10}% 191
\BOOKMARK [1][]{section.10.4}{\376\377\0001\0000\000.\0004\000\040\000E\000f\000f\000e\000c\000t\000\040\000s\000i\000z\000e\000\040}{chapter.10}% 192
\BOOKMARK [1][]{section.10.5}{\376\377\0001\0000\000.\0005\000\040\000A\000s\000s\000u\000m\000p\000t\000i\000o\000n\000s\000\040\000o\000f\000\040\000t\000h\000e\000\040\000t\000e\000s\000t\000\050\000s\000\051\000\040}{chapter.10}% 193
\BOOKMARK [1][]{section.10.6}{\376\377\0001\0000\000.\0006\000\040\000T\000h\000e\000\040\000F\000i\000s\000h\000e\000r\000\040\000e\000x\000a\000c\000t\000\040\000t\000e\000s\000t\000\040}{chapter.10}% 194
\BOOKMARK [1][]{section.10.7}{\376\377\0001\0000\000.\0007\000\040\000T\000h\000e\000\040\000M\000c\000N\000e\000m\000a\000r\000\040\000t\000e\000s\000t\000\040}{chapter.10}% 195
\BOOKMARK [2][-]{subsection.10.7.1}{\376\377\0001\0000\000.\0007\000.\0001\000\040\000D\000o\000i\000n\000g\000\040\000t\000h\000e\000\040\000M\000c\000N\000e\000m\000a\000r\000\040\000t\000e\000s\000t\000\040\000i\000n\000\040\000j\000a\000m\000o\000v\000i}{section.10.7}% 196
\BOOKMARK [1][]{section.10.8}{\376\377\0001\0000\000.\0008\000\040\000W\000h\000a\000t\000'\000s\000\040\000t\000h\000e\000\040\000d\000i\000f\000f\000e\000r\000e\000n\000c\000e\000\040\000b\000e\000t\000w\000e\000e\000n\000\040\000M\000c\000N\000e\000m\000a\000r\000\040\000a\000n\000d\000\040\000i\000n\000d\000e\000p\000e\000n\000d\000e\000n\000c\000e\000?}{chapter.10}% 197
\BOOKMARK [1][]{section.10.9}{\376\377\0001\0000\000.\0009\000\040\000S\000u\000m\000m\000a\000r\000y}{chapter.10}% 198
\BOOKMARK [0][]{chapter.11}{\376\377\0001\0001\000\040\000C\000o\000m\000p\000a\000r\000i\000n\000g\000\040\000t\000w\000o\000\040\000m\000e\000a\000n\000s\000\040}{part.5}% 199
\BOOKMARK [1][]{section.11.1}{\376\377\0001\0001\000.\0001\000\040\000T\000h\000e\000\040\000o\000n\000e\000-\000s\000a\000m\000p\000l\000e\000\040\000-\000t\000e\000s\000t}{chapter.11}% 200
\BOOKMARK [2][-]{subsection.11.1.1}{\376\377\0001\0001\000.\0001\000.\0001\000\040\000T\000h\000e\000\040\000i\000n\000f\000e\000r\000e\000n\000c\000e\000\040\000p\000r\000o\000b\000l\000e\000m\000\040\000t\000h\000a\000t\000\040\000t\000h\000e\000\040\000t\000e\000s\000t\000\040\000a\000d\000d\000r\000e\000s\000s\000e\000s}{section.11.1}% 201
\BOOKMARK [2][-]{subsection.11.1.2}{\376\377\0001\0001\000.\0001\000.\0002\000\040\000C\000o\000n\000s\000t\000r\000u\000c\000t\000i\000n\000g\000\040\000t\000h\000e\000\040\000h\000y\000p\000o\000t\000h\000e\000s\000i\000s\000\040\000t\000e\000s\000t}{section.11.1}% 202
\BOOKMARK [2][-]{subsection.11.1.3}{\376\377\0001\0001\000.\0001\000.\0003\000\040\000A\000\040\000w\000o\000r\000k\000e\000d\000\040\000e\000x\000a\000m\000p\000l\000e\000,\000\040\000b\000y\000\040\000h\000a\000n\000d}{section.11.1}% 203
\BOOKMARK [2][-]{subsection.11.1.4}{\376\377\0001\0001\000.\0001\000.\0004\000\040\000A\000s\000s\000u\000m\000p\000t\000i\000o\000n\000s\000\040\000o\000f\000\040\000t\000h\000e\000\040\000z\000-\000t\000e\000s\000t\000\040}{section.11.1}% 204
\BOOKMARK [1][]{section.11.2}{\376\377\0001\0001\000.\0002\000\040\000T\000h\000e\000\040\000o\000n\000e\000-\000s\000a\000m\000p\000l\000e\000\040\000-\000t\000e\000s\000t\000\040}{chapter.11}% 205
\BOOKMARK [2][-]{subsection.11.2.1}{\376\377\0001\0001\000.\0002\000.\0001\000\040\000I\000n\000t\000r\000o\000d\000u\000c\000i\000n\000g\000\040\000t\000h\000e\000\040\000t\000-\000t\000e\000s\000t}{section.11.2}% 206
\BOOKMARK [2][-]{subsection.11.2.2}{\376\377\0001\0001\000.\0002\000.\0002\000\040\000D\000o\000i\000n\000g\000\040\000t\000h\000e\000\040\000t\000e\000s\000t\000\040\000i\000n\000\040\000j\000a\000m\000o\000v\000i}{section.11.2}% 207
\BOOKMARK [2][-]{subsection.11.2.3}{\376\377\0001\0001\000.\0002\000.\0003\000\040\000A\000s\000s\000u\000m\000p\000t\000i\000o\000n\000s\000\040\000o\000f\000\040\000t\000h\000e\000\040\000o\000n\000e\000\040\000s\000a\000m\000p\000l\000e\000\040\000-\000t\000e\000s\000t\000\040}{section.11.2}% 208
\BOOKMARK [1][]{section.11.3}{\376\377\0001\0001\000.\0003\000\040\000T\000h\000e\000\040\000i\000n\000d\000e\000p\000e\000n\000d\000e\000n\000t\000\040\000s\000a\000m\000p\000l\000e\000s\000\040\000-\000t\000e\000s\000t\000\040\000\050\000S\000t\000u\000d\000e\000n\000t\000\040\000t\000e\000s\000t\000\051\000\040}{chapter.11}% 209
\BOOKMARK [2][-]{subsection.11.3.1}{\376\377\0001\0001\000.\0003\000.\0001\000\040\000T\000h\000e\000\040\000d\000a\000t\000a}{section.11.3}% 210
\BOOKMARK [2][-]{subsection.11.3.2}{\376\377\0001\0001\000.\0003\000.\0002\000\040\000I\000n\000t\000r\000o\000d\000u\000c\000i\000n\000g\000\040\000t\000h\000e\000\040\000t\000e\000s\000t}{section.11.3}% 211
\BOOKMARK [2][-]{subsection.11.3.3}{\376\377\0001\0001\000.\0003\000.\0003\000\040\000A\000\040\000`\000`\000p\000o\000o\000l\000e\000d\000\040\000e\000s\000t\000i\000m\000a\000t\000e\000'\000'\000\040\000o\000f\000\040\000t\000h\000e\000\040\000s\000t\000a\000n\000d\000a\000r\000d\000\040\000d\000e\000v\000i\000a\000t\000i\000o\000n}{section.11.3}% 212
\BOOKMARK [2][-]{subsection.11.3.4}{\376\377\0001\0001\000.\0003\000.\0004\000\040\000C\000o\000m\000p\000l\000e\000t\000i\000n\000g\000\040\000t\000h\000e\000\040\000t\000e\000s\000t}{section.11.3}% 213
\BOOKMARK [2][-]{subsection.11.3.5}{\376\377\0001\0001\000.\0003\000.\0005\000\040\000D\000o\000i\000n\000g\000\040\000t\000h\000e\000\040\000t\000e\000s\000t\000\040\000i\000n\000\040\000j\000a\000m\000o\000v\000i}{section.11.3}% 214
\BOOKMARK [2][-]{subsection.11.3.6}{\376\377\0001\0001\000.\0003\000.\0006\000\040\000P\000o\000s\000i\000t\000i\000v\000e\000\040\000a\000n\000d\000\040\000n\000e\000g\000a\000t\000i\000v\000e\000\040\000t\000\040\000v\000a\000l\000u\000e\000s}{section.11.3}% 215
\BOOKMARK [2][-]{subsection.11.3.7}{\376\377\0001\0001\000.\0003\000.\0007\000\040\000A\000s\000s\000u\000m\000p\000t\000i\000o\000n\000s\000\040\000o\000f\000\040\000t\000h\000e\000\040\000t\000e\000s\000t\000\040}{section.11.3}% 216
\BOOKMARK [1][]{section.11.4}{\376\377\0001\0001\000.\0004\000\040\000T\000h\000e\000\040\000i\000n\000d\000e\000p\000e\000n\000d\000e\000n\000t\000\040\000s\000a\000m\000p\000l\000e\000s\000\040\000-\000t\000e\000s\000t\000\040\000\050\000W\000e\000l\000c\000h\000\040\000t\000e\000s\000t\000\051\000\040}{chapter.11}% 217
\BOOKMARK [2][-]{subsection.11.4.1}{\376\377\0001\0001\000.\0004\000.\0001\000\040\000D\000o\000i\000n\000g\000\040\000t\000h\000e\000\040\000W\000e\000l\000c\000h\000\040\000t\000e\000s\000t\000\040\000i\000n\000\040\000j\000a\000m\000o\000v\000i}{section.11.4}% 218
\BOOKMARK [2][-]{subsection.11.4.2}{\376\377\0001\0001\000.\0004\000.\0002\000\040\000A\000s\000s\000u\000m\000p\000t\000i\000o\000n\000s\000\040\000o\000f\000\040\000t\000h\000e\000\040\000t\000e\000s\000t}{section.11.4}% 219
\BOOKMARK [1][]{section.11.5}{\376\377\0001\0001\000.\0005\000\040\000T\000h\000e\000\040\000p\000a\000i\000r\000e\000d\000-\000s\000a\000m\000p\000l\000e\000s\000\040\000-\000t\000e\000s\000t\000\040}{chapter.11}% 220
\BOOKMARK [2][-]{subsection.11.5.1}{\376\377\0001\0001\000.\0005\000.\0001\000\040\000T\000h\000e\000\040\000d\000a\000t\000a}{section.11.5}% 221
\BOOKMARK [2][-]{subsection.11.5.2}{\376\377\0001\0001\000.\0005\000.\0002\000\040\000W\000h\000a\000t\000\040\000i\000s\000\040\000t\000h\000e\000\040\000p\000a\000i\000r\000e\000d\000\040\000s\000a\000m\000p\000l\000e\000s\000\040\000t\000-\000t\000e\000s\000t\000?}{section.11.5}% 222
\BOOKMARK [2][-]{subsection.11.5.3}{\376\377\0001\0001\000.\0005\000.\0003\000\040\000D\000o\000i\000n\000g\000\040\000t\000h\000e\000\040\000t\000e\000s\000t\000\040\000i\000n\000\040\000j\000a\000m\000o\000v\000i}{section.11.5}% 223
\BOOKMARK [1][]{section.11.6}{\376\377\0001\0001\000.\0006\000\040\000O\000n\000e\000\040\000s\000i\000d\000e\000d\000\040\000t\000e\000s\000t\000s\000\040}{chapter.11}% 224
\BOOKMARK [1][]{section.11.7}{\376\377\0001\0001\000.\0007\000\040\000E\000f\000f\000e\000c\000t\000\040\000s\000i\000z\000e\000\040}{chapter.11}% 225
\BOOKMARK [2][-]{subsection.11.7.1}{\376\377\0001\0001\000.\0007\000.\0001\000\040\000C\000o\000h\000e\000n\000'\000s\000\040\000d\000\040\000f\000r\000o\000m\000\040\000o\000n\000e\000\040\000s\000a\000m\000p\000l\000e}{section.11.7}% 226
\BOOKMARK [2][-]{subsection.11.7.2}{\376\377\0001\0001\000.\0007\000.\0002\000\040\000C\000o\000h\000e\000n\000'\000s\000\040\000d\000\040\000f\000r\000o\000m\000\040\000a\000\040\000S\000t\000u\000d\000e\000n\000t\000'\000s\000\040\000t\000\040\000t\000e\000s\000t}{section.11.7}% 227
\BOOKMARK [2][-]{subsection.11.7.3}{\376\377\0001\0001\000.\0007\000.\0003\000\040\000C\000o\000h\000e\000n\000'\000s\000\040\000d\000\040\000f\000r\000o\000m\000\040\000a\000\040\000p\000a\000i\000r\000e\000d\000-\000s\000a\000m\000p\000l\000e\000s\000\040\000t\000e\000s\000t}{section.11.7}% 228
\BOOKMARK [1][]{section.11.8}{\376\377\0001\0001\000.\0008\000\040\000C\000h\000e\000c\000k\000i\000n\000g\000\040\000t\000h\000e\000\040\000n\000o\000r\000m\000a\000l\000i\000t\000y\000\040\000o\000f\000\040\000a\000\040\000s\000a\000m\000p\000l\000e}{chapter.11}% 229
\BOOKMARK [2][-]{subsection.11.8.1}{\376\377\0001\0001\000.\0008\000.\0001\000\040\000Q\000Q\000\040\000p\000l\000o\000t\000s}{section.11.8}% 230
\BOOKMARK [2][-]{subsection.11.8.2}{\376\377\0001\0001\000.\0008\000.\0002\000\040\000S\000h\000a\000p\000i\000r\000o\000-\000W\000i\000l\000k\000\040\000t\000e\000s\000t\000s}{section.11.8}% 231
\BOOKMARK [2][-]{subsection.11.8.3}{\376\377\0001\0001\000.\0008\000.\0003\000\040\000E\000x\000a\000m\000p\000l\000e}{section.11.8}% 232
\BOOKMARK [1][]{section.11.9}{\376\377\0001\0001\000.\0009\000\040\000T\000e\000s\000t\000i\000n\000g\000\040\000n\000o\000n\000-\000n\000o\000r\000m\000a\000l\000\040\000d\000a\000t\000a\000\040\000w\000i\000t\000h\000\040\000W\000i\000l\000c\000o\000x\000o\000n\000\040\000t\000e\000s\000t\000s}{chapter.11}% 233
\BOOKMARK [2][-]{subsection.11.9.1}{\376\377\0001\0001\000.\0009\000.\0001\000\040\000T\000w\000o\000\040\000s\000a\000m\000p\000l\000e\000\040\000M\000a\000n\000n\000-\000W\000h\000i\000t\000n\000e\000y\000\040\000U\000\040\000t\000e\000s\000t}{section.11.9}% 234
\BOOKMARK [2][-]{subsection.11.9.2}{\376\377\0001\0001\000.\0009\000.\0002\000\040\000O\000n\000e\000\040\000s\000a\000m\000p\000l\000e\000\040\000W\000i\000l\000c\000o\000x\000o\000n\000\040\000t\000e\000s\000t}{section.11.9}% 235
\BOOKMARK [1][]{section.11.10}{\376\377\0001\0001\000.\0001\0000\000\040\000S\000u\000m\000m\000a\000r\000y}{chapter.11}% 236
\BOOKMARK [0][]{chapter.12}{\376\377\0001\0002\000\040\000C\000o\000r\000r\000e\000l\000a\000t\000i\000o\000n\000\040\000a\000n\000d\000\040\000l\000i\000n\000e\000a\000r\000\040\000r\000e\000g\000r\000e\000s\000s\000i\000o\000n}{part.5}% 237
\BOOKMARK [1][]{section.12.1}{\376\377\0001\0002\000.\0001\000\040\000C\000o\000r\000r\000e\000l\000a\000t\000i\000o\000n\000s}{chapter.12}% 238
\BOOKMARK [2][-]{subsection.12.1.1}{\376\377\0001\0002\000.\0001\000.\0001\000\040\000T\000h\000e\000\040\000d\000a\000t\000a}{section.12.1}% 239
\BOOKMARK [2][-]{subsection.12.1.2}{\376\377\0001\0002\000.\0001\000.\0002\000\040\000T\000h\000e\000\040\000s\000t\000r\000e\000n\000g\000t\000h\000\040\000a\000n\000d\000\040\000d\000i\000r\000e\000c\000t\000i\000o\000n\000\040\000o\000f\000\040\000a\000\040\000r\000e\000l\000a\000t\000i\000o\000n\000s\000h\000i\000p}{section.12.1}% 240
\BOOKMARK [2][-]{subsection.12.1.3}{\376\377\0001\0002\000.\0001\000.\0003\000\040\000T\000h\000e\000\040\000c\000o\000r\000r\000e\000l\000a\000t\000i\000o\000n\000\040\000c\000o\000e\000f\000f\000i\000c\000i\000e\000n\000t}{section.12.1}% 241
\BOOKMARK [2][-]{subsection.12.1.4}{\376\377\0001\0002\000.\0001\000.\0004\000\040\000C\000a\000l\000c\000u\000l\000a\000t\000i\000n\000g\000\040\000c\000o\000r\000r\000e\000l\000a\000t\000i\000o\000n\000s\000\040\000i\000n\000\040\000j\000a\000m\000o\000v\000i}{section.12.1}% 242
\BOOKMARK [2][-]{subsection.12.1.5}{\376\377\0001\0002\000.\0001\000.\0005\000\040\000I\000n\000t\000e\000r\000p\000r\000e\000t\000i\000n\000g\000\040\000a\000\040\000c\000o\000r\000r\000e\000l\000a\000t\000i\000o\000n\000\040}{section.12.1}% 243
\BOOKMARK [2][-]{subsection.12.1.6}{\376\377\0001\0002\000.\0001\000.\0006\000\040\000S\000p\000e\000a\000r\000m\000a\000n\000'\000s\000\040\000r\000a\000n\000k\000\040\000c\000o\000r\000r\000e\000l\000a\000t\000i\000o\000n\000s}{section.12.1}% 244
\BOOKMARK [1][]{section.12.2}{\376\377\0001\0002\000.\0002\000\040\000S\000c\000a\000t\000t\000e\000r\000p\000l\000o\000t\000s}{chapter.12}% 245
\BOOKMARK [2][-]{subsection.12.2.1}{\376\377\0001\0002\000.\0002\000.\0001\000\040\000M\000o\000r\000e\000\040\000e\000l\000a\000b\000o\000r\000a\000t\000e\000\040\000o\000p\000t\000i\000o\000n\000s}{section.12.2}% 246
\BOOKMARK [1][]{section.12.3}{\376\377\0001\0002\000.\0003\000\040\000W\000h\000a\000t\000\040\000i\000s\000\040\000a\000\040\000l\000i\000n\000e\000a\000r\000\040\000r\000e\000g\000r\000e\000s\000s\000i\000o\000n\000\040\000m\000o\000d\000e\000l\000?\000\040}{chapter.12}% 247
\BOOKMARK [1][]{section.12.4}{\376\377\0001\0002\000.\0004\000\040\000E\000s\000t\000i\000m\000a\000t\000i\000n\000g\000\040\000a\000\040\000l\000i\000n\000e\000a\000r\000\040\000r\000e\000g\000r\000e\000s\000s\000i\000o\000n\000\040\000m\000o\000d\000e\000l\000\040}{chapter.12}% 248
\BOOKMARK [2][-]{subsection.12.4.1}{\376\377\0001\0002\000.\0004\000.\0001\000\040\000L\000i\000n\000e\000a\000r\000\040\000r\000e\000g\000r\000e\000s\000s\000i\000o\000n\000\040\000i\000n\000\040\000j\000a\000m\000o\000v\000i\000\040}{section.12.4}% 249
\BOOKMARK [2][-]{subsection.12.4.2}{\376\377\0001\0002\000.\0004\000.\0002\000\040\000I\000n\000t\000e\000r\000p\000r\000e\000t\000i\000n\000g\000\040\000t\000h\000e\000\040\000e\000s\000t\000i\000m\000a\000t\000e\000d\000\040\000m\000o\000d\000e\000l}{section.12.4}% 250
\BOOKMARK [1][]{section.12.5}{\376\377\0001\0002\000.\0005\000\040\000M\000u\000l\000t\000i\000p\000l\000e\000\040\000l\000i\000n\000e\000a\000r\000\040\000r\000e\000g\000r\000e\000s\000s\000i\000o\000n\000\040}{chapter.12}% 251
\BOOKMARK [2][-]{subsection.12.5.1}{\376\377\0001\0002\000.\0005\000.\0001\000\040\000D\000o\000i\000n\000g\000\040\000i\000t\000\040\000i\000n\000\040\000j\000a\000m\000o\000v\000i}{section.12.5}% 252
\BOOKMARK [2][-]{subsection.12.5.2}{\376\377\0001\0002\000.\0005\000.\0002\000\040\000F\000o\000r\000m\000u\000l\000a\000\040\000f\000o\000r\000\040\000t\000h\000e\000\040\000g\000e\000n\000e\000r\000a\000l\000\040\000c\000a\000s\000e}{section.12.5}% 253
\BOOKMARK [1][]{section.12.6}{\376\377\0001\0002\000.\0006\000\040\000Q\000u\000a\000n\000t\000i\000f\000y\000i\000n\000g\000\040\000t\000h\000e\000\040\000f\000i\000t\000\040\000o\000f\000\040\000t\000h\000e\000\040\000r\000e\000g\000r\000e\000s\000s\000i\000o\000n\000\040\000m\000o\000d\000e\000l\000\040}{chapter.12}% 254
\BOOKMARK [2][-]{subsection.12.6.1}{\376\377\0001\0002\000.\0006\000.\0001\000\040\000T\000h\000e\000\040\000R\000-\000s\000q\000u\000a\000r\000e\000d\000\040\000v\000a\000l\000u\000e\000\040}{section.12.6}% 255
\BOOKMARK [2][-]{subsection.12.6.2}{\376\377\0001\0002\000.\0006\000.\0002\000\040\000T\000h\000e\000\040\000r\000e\000l\000a\000t\000i\000o\000n\000s\000h\000i\000p\000\040\000b\000e\000t\000w\000e\000e\000n\000\040\000r\000e\000g\000r\000e\000s\000s\000i\000o\000n\000\040\000a\000n\000d\000\040\000c\000o\000r\000r\000e\000l\000a\000t\000i\000o\000n}{section.12.6}% 256
\BOOKMARK [2][-]{subsection.12.6.3}{\376\377\0001\0002\000.\0006\000.\0003\000\040\000T\000h\000e\000\040\000a\000d\000j\000u\000s\000t\000e\000d\000\040\000R\000-\000s\000q\000u\000a\000r\000e\000d\000\040\000v\000a\000l\000u\000e}{section.12.6}% 257
\BOOKMARK [1][]{section.12.7}{\376\377\0001\0002\000.\0007\000\040\000H\000y\000p\000o\000t\000h\000e\000s\000i\000s\000\040\000t\000e\000s\000t\000s\000\040\000f\000o\000r\000\040\000r\000e\000g\000r\000e\000s\000s\000i\000o\000n\000\040\000m\000o\000d\000e\000l\000s\000\040}{chapter.12}% 258
\BOOKMARK [2][-]{subsection.12.7.1}{\376\377\0001\0002\000.\0007\000.\0001\000\040\000T\000e\000s\000t\000i\000n\000g\000\040\000t\000h\000e\000\040\000m\000o\000d\000e\000l\000\040\000a\000s\000\040\000a\000\040\000w\000h\000o\000l\000e}{section.12.7}% 259
\BOOKMARK [2][-]{subsection.12.7.2}{\376\377\0001\0002\000.\0007\000.\0002\000\040\000T\000e\000s\000t\000s\000\040\000f\000o\000r\000\040\000i\000n\000d\000i\000v\000i\000d\000u\000a\000l\000\040\000c\000o\000e\000f\000f\000i\000c\000i\000e\000n\000t\000s}{section.12.7}% 260
\BOOKMARK [2][-]{subsection.12.7.3}{\376\377\0001\0002\000.\0007\000.\0003\000\040\000R\000u\000n\000n\000i\000n\000g\000\040\000t\000h\000e\000\040\000h\000y\000p\000o\000t\000h\000e\000s\000i\000s\000\040\000t\000e\000s\000t\000s\000\040\000i\000n\000\040\000j\000a\000m\000o\000v\000i\000\040}{section.12.7}% 261
\BOOKMARK [1][]{section.12.8}{\376\377\0001\0002\000.\0008\000\040\000R\000e\000g\000a\000r\000d\000i\000n\000g\000\040\000r\000e\000g\000r\000e\000s\000s\000i\000o\000n\000\040\000c\000o\000e\000f\000f\000i\000c\000i\000e\000n\000t\000s\000\040}{chapter.12}% 262
\BOOKMARK [2][-]{subsection.12.8.1}{\376\377\0001\0002\000.\0008\000.\0001\000\040\000C\000o\000n\000f\000i\000d\000e\000n\000c\000e\000\040\000i\000n\000t\000e\000r\000v\000a\000l\000s\000\040\000f\000o\000r\000\040\000t\000h\000e\000\040\000c\000o\000e\000f\000f\000i\000c\000i\000e\000n\000t\000s}{section.12.8}% 263
\BOOKMARK [2][-]{subsection.12.8.2}{\376\377\0001\0002\000.\0008\000.\0002\000\040\000C\000a\000l\000c\000u\000l\000a\000t\000i\000n\000g\000\040\000s\000t\000a\000n\000d\000a\000r\000d\000i\000s\000e\000d\000\040\000r\000e\000g\000r\000e\000s\000s\000i\000o\000n\000\040\000c\000o\000e\000f\000f\000i\000c\000i\000e\000n\000t\000s}{section.12.8}% 264
\BOOKMARK [1][]{section.12.9}{\376\377\0001\0002\000.\0009\000\040\000A\000s\000s\000u\000m\000p\000t\000i\000o\000n\000s\000\040\000o\000f\000\040\000r\000e\000g\000r\000e\000s\000s\000i\000o\000n\000\040}{chapter.12}% 265
\BOOKMARK [1][]{section.12.10}{\376\377\0001\0002\000.\0001\0000\000\040\000M\000o\000d\000e\000l\000\040\000c\000h\000e\000c\000k\000i\000n\000g\000\040}{chapter.12}% 266
\BOOKMARK [2][-]{subsection.12.10.1}{\376\377\0001\0002\000.\0001\0000\000.\0001\000\040\000T\000h\000r\000e\000e\000\040\000k\000i\000n\000d\000s\000\040\000o\000f\000\040\000r\000e\000s\000i\000d\000u\000a\000l\000s}{section.12.10}% 267
\BOOKMARK [2][-]{subsection.12.10.2}{\376\377\0001\0002\000.\0001\0000\000.\0002\000\040\000T\000h\000r\000e\000e\000\040\000k\000i\000n\000d\000s\000\040\000o\000f\000\040\000a\000n\000o\000m\000a\000l\000o\000u\000s\000\040\000d\000a\000t\000a\000\040}{section.12.10}% 268
\BOOKMARK [2][-]{subsection.12.10.3}{\376\377\0001\0002\000.\0001\0000\000.\0003\000\040\000C\000h\000e\000c\000k\000i\000n\000g\000\040\000t\000h\000e\000\040\000n\000o\000r\000m\000a\000l\000i\000t\000y\000\040\000o\000f\000\040\000t\000h\000e\000\040\000r\000e\000s\000i\000d\000u\000a\000l\000s\000\040}{section.12.10}% 269
\BOOKMARK [2][-]{subsection.12.10.4}{\376\377\0001\0002\000.\0001\0000\000.\0004\000\040\000C\000h\000e\000c\000k\000i\000n\000g\000\040\000f\000o\000r\000\040\000c\000o\000l\000l\000i\000n\000e\000a\000r\000i\000t\000y\000\040}{section.12.10}% 270
\BOOKMARK [1][]{section.12.11}{\376\377\0001\0002\000.\0001\0001\000\040\000M\000o\000d\000e\000l\000\040\000s\000e\000l\000e\000c\000t\000i\000o\000n}{chapter.12}% 271
\BOOKMARK [2][-]{subsection.12.11.1}{\376\377\0001\0002\000.\0001\0001\000.\0001\000\040\000B\000a\000c\000k\000w\000a\000r\000d\000\040\000e\000l\000i\000m\000i\000n\000a\000t\000i\000o\000n}{section.12.11}% 272
\BOOKMARK [2][-]{subsection.12.11.2}{\376\377\0001\0002\000.\0001\0001\000.\0002\000\040\000F\000o\000r\000w\000a\000r\000d\000\040\000s\000e\000l\000e\000c\000t\000i\000o\000n}{section.12.11}% 273
\BOOKMARK [2][-]{subsection.12.11.3}{\376\377\0001\0002\000.\0001\0001\000.\0003\000\040\000A\000\040\000c\000a\000v\000e\000a\000t}{section.12.11}% 274
\BOOKMARK [2][-]{subsection.12.11.4}{\376\377\0001\0002\000.\0001\0001\000.\0004\000\040\000C\000o\000m\000p\000a\000r\000i\000n\000g\000\040\000t\000w\000o\000\040\000r\000e\000g\000r\000e\000s\000s\000i\000o\000n\000\040\000m\000o\000d\000e\000l\000s}{section.12.11}% 275
\BOOKMARK [1][]{section.12.12}{\376\377\0001\0002\000.\0001\0002\000\040\000S\000u\000m\000m\000a\000r\000y}{chapter.12}% 276
\BOOKMARK [0][]{chapter.13}{\376\377\0001\0003\000\040\000C\000o\000m\000p\000a\000r\000i\000n\000g\000\040\000s\000e\000v\000e\000r\000a\000l\000\040\000m\000e\000a\000n\000s\000\040\000\050\000o\000n\000e\000-\000w\000a\000y\000\040\000A\000N\000O\000V\000A\000\051}{part.5}% 277
\BOOKMARK [1][]{section.13.1}{\376\377\0001\0003\000.\0001\000\040\000A\000n\000\040\000i\000l\000l\000u\000s\000t\000r\000a\000t\000i\000v\000e\000\040\000d\000a\000t\000a\000\040\000s\000e\000t\000\040}{chapter.13}% 278
\BOOKMARK [1][]{section.13.2}{\376\377\0001\0003\000.\0002\000\040\000H\000o\000w\000\040\000A\000N\000O\000V\000A\000\040\000w\000o\000r\000k\000s\000\040}{chapter.13}% 279
\BOOKMARK [2][-]{subsection.13.2.1}{\376\377\0001\0003\000.\0002\000.\0001\000\040\000T\000w\000o\000\040\000f\000o\000r\000m\000u\000l\000a\000s\000\040\000f\000o\000r\000\040\000t\000h\000e\000\040\000v\000a\000r\000i\000a\000n\000c\000e\000\040\000o\000f\000\040\000Y}{section.13.2}% 280
\BOOKMARK [2][-]{subsection.13.2.2}{\376\377\0001\0003\000.\0002\000.\0002\000\040\000F\000r\000o\000m\000\040\000v\000a\000r\000i\000a\000n\000c\000e\000s\000\040\000t\000o\000\040\000s\000u\000m\000s\000\040\000o\000f\000\040\000s\000q\000u\000a\000r\000e\000s}{section.13.2}% 281
\BOOKMARK [2][-]{subsection.13.2.3}{\376\377\0001\0003\000.\0002\000.\0003\000\040\000F\000r\000o\000m\000\040\000s\000u\000m\000s\000\040\000o\000f\000\040\000s\000q\000u\000a\000r\000e\000s\000\040\000t\000o\000\040\000t\000h\000e\000\040\000F\000-\000t\000e\000s\000t}{section.13.2}% 282
\BOOKMARK [2][-]{subsection.13.2.4}{\376\377\0001\0003\000.\0002\000.\0004\000\040\000T\000h\000e\000\040\000m\000o\000d\000e\000l\000\040\000f\000o\000r\000\040\000t\000h\000e\000\040\000d\000a\000t\000a\000\040\000a\000n\000d\000\040\000t\000h\000e\000\040\000m\000e\000a\000n\000i\000n\000g\000\040\000o\000f\000\040\000F\000\040}{section.13.2}% 283
\BOOKMARK [2][-]{subsection.13.2.5}{\376\377\0001\0003\000.\0002\000.\0005\000\040\000A\000\040\000w\000o\000r\000k\000e\000d\000\040\000e\000x\000a\000m\000p\000l\000e\000\040}{section.13.2}% 284
\BOOKMARK [1][]{section.13.3}{\376\377\0001\0003\000.\0003\000\040\000R\000u\000n\000n\000i\000n\000g\000\040\000a\000n\000\040\000A\000N\000O\000V\000A\000\040\000i\000n\000\040\000j\000a\000m\000o\000v\000i}{chapter.13}% 285
\BOOKMARK [2][-]{subsection.13.3.1}{\376\377\0001\0003\000.\0003\000.\0001\000\040\000U\000s\000i\000n\000g\000\040\000j\000a\000m\000o\000v\000i\000\040\000t\000o\000\040\000s\000p\000e\000c\000i\000f\000y\000\040\000y\000o\000u\000r\000\040\000A\000N\000O\000V\000A}{section.13.3}% 286
\BOOKMARK [1][]{section.13.4}{\376\377\0001\0003\000.\0004\000\040\000E\000f\000f\000e\000c\000t\000\040\000s\000i\000z\000e}{chapter.13}% 287
\BOOKMARK [1][]{section.13.5}{\376\377\0001\0003\000.\0005\000\040\000M\000u\000l\000t\000i\000p\000l\000e\000\040\000c\000o\000m\000p\000a\000r\000i\000s\000o\000n\000s\000\040\000a\000n\000d\000\040\000p\000o\000s\000t\000\040\000h\000o\000c\000\040\000t\000e\000s\000t\000s\000\040}{chapter.13}% 288
\BOOKMARK [2][-]{subsection.13.5.1}{\376\377\0001\0003\000.\0005\000.\0001\000\040\000R\000u\000n\000n\000i\000n\000g\000\040\000`\000`\000p\000a\000i\000r\000w\000i\000s\000e\000'\000'\000\040\000t\000-\000t\000e\000s\000t\000s}{section.13.5}% 289
\BOOKMARK [2][-]{subsection.13.5.2}{\376\377\0001\0003\000.\0005\000.\0002\000\040\000C\000o\000r\000r\000e\000c\000t\000i\000o\000n\000s\000\040\000f\000o\000r\000\040\000m\000u\000l\000t\000i\000p\000l\000e\000\040\000t\000e\000s\000t\000i\000n\000g}{section.13.5}% 290
\BOOKMARK [2][-]{subsection.13.5.3}{\376\377\0001\0003\000.\0005\000.\0003\000\040\000B\000o\000n\000f\000e\000r\000r\000o\000n\000i\000\040\000c\000o\000r\000r\000e\000c\000t\000i\000o\000n\000s}{section.13.5}% 291
\BOOKMARK [2][-]{subsection.13.5.4}{\376\377\0001\0003\000.\0005\000.\0004\000\040\000H\000o\000l\000m\000\040\000c\000o\000r\000r\000e\000c\000t\000i\000o\000n\000s}{section.13.5}% 292
\BOOKMARK [2][-]{subsection.13.5.5}{\376\377\0001\0003\000.\0005\000.\0005\000\040\000W\000r\000i\000t\000i\000n\000g\000\040\000u\000p\000\040\000t\000h\000e\000\040\000p\000o\000s\000t\000\040\000h\000o\000c\000\040\000t\000e\000s\000t}{section.13.5}% 293
\BOOKMARK [1][]{section.13.6}{\376\377\0001\0003\000.\0006\000\040\000A\000s\000s\000u\000m\000p\000t\000i\000o\000n\000s\000\040\000o\000f\000\040\000o\000n\000e\000-\000w\000a\000y\000\040\000A\000N\000O\000V\000A\000\040}{chapter.13}% 294
\BOOKMARK [2][-]{subsection.13.6.1}{\376\377\0001\0003\000.\0006\000.\0001\000\040\000C\000h\000e\000c\000k\000i\000n\000g\000\040\000t\000h\000e\000\040\000h\000o\000m\000o\000g\000e\000n\000e\000i\000t\000y\000\040\000o\000f\000\040\000v\000a\000r\000i\000a\000n\000c\000e\000\040\000a\000s\000s\000u\000m\000p\000t\000i\000o\000n\000\040}{section.13.6}% 295
\BOOKMARK [2][-]{subsection.13.6.2}{\376\377\0001\0003\000.\0006\000.\0002\000\040\000R\000u\000n\000n\000i\000n\000g\000\040\000t\000h\000e\000\040\000L\000e\000v\000e\000n\000e\000\040\000t\000e\000s\000t\000\040\000i\000n\000\040\000j\000a\000m\000o\000v\000i}{section.13.6}% 296
\BOOKMARK [2][-]{subsection.13.6.3}{\376\377\0001\0003\000.\0006\000.\0003\000\040\000R\000e\000m\000o\000v\000i\000n\000g\000\040\000t\000h\000e\000\040\000h\000o\000m\000o\000g\000e\000n\000e\000i\000t\000y\000\040\000o\000f\000\040\000v\000a\000r\000i\000a\000n\000c\000e\000\040\000a\000s\000s\000u\000m\000p\000t\000i\000o\000n\000\040}{section.13.6}% 297
\BOOKMARK [2][-]{subsection.13.6.4}{\376\377\0001\0003\000.\0006\000.\0004\000\040\000C\000h\000e\000c\000k\000i\000n\000g\000\040\000t\000h\000e\000\040\000n\000o\000r\000m\000a\000l\000i\000t\000y\000\040\000a\000s\000s\000u\000m\000p\000t\000i\000o\000n\000\040}{section.13.6}% 298
\BOOKMARK [1][]{section.13.7}{\376\377\0001\0003\000.\0007\000\040\000R\000e\000m\000o\000v\000i\000n\000g\000\040\000t\000h\000e\000\040\000n\000o\000r\000m\000a\000l\000i\000t\000y\000\040\000a\000s\000s\000u\000m\000p\000t\000i\000o\000n\000\040}{chapter.13}% 299
\BOOKMARK [2][-]{subsection.13.7.1}{\376\377\0001\0003\000.\0007\000.\0001\000\040\000T\000h\000e\000\040\000l\000o\000g\000i\000c\000\040\000b\000e\000h\000i\000n\000d\000\040\000t\000h\000e\000\040\000K\000r\000u\000s\000k\000a\000l\000-\000W\000a\000l\000l\000i\000s\000\040\000t\000e\000s\000t}{section.13.7}% 300
\BOOKMARK [2][-]{subsection.13.7.2}{\376\377\0001\0003\000.\0007\000.\0002\000\040\000A\000d\000d\000i\000t\000i\000o\000n\000a\000l\000\040\000d\000e\000t\000a\000i\000l\000s}{section.13.7}% 301
\BOOKMARK [2][-]{subsection.13.7.3}{\376\377\0001\0003\000.\0007\000.\0003\000\040\000H\000o\000w\000\040\000t\000o\000\040\000r\000u\000n\000\040\000t\000h\000e\000\040\000K\000r\000u\000s\000k\000a\000l\000-\000W\000a\000l\000l\000i\000s\000\040\000t\000e\000s\000t\000\040\000i\000n\000\040\000j\000a\000m\000o\000v\000i}{section.13.7}% 302
\BOOKMARK [1][]{section.13.8}{\376\377\0001\0003\000.\0008\000\040\000R\000e\000p\000e\000a\000t\000e\000d\000\040\000m\000e\000a\000s\000u\000r\000e\000s\000\040\000o\000n\000e\000-\000w\000a\000y\000\040\000A\000N\000O\000V\000A\000\040}{chapter.13}% 303
\BOOKMARK [2][-]{subsection.13.8.1}{\376\377\0001\0003\000.\0008\000.\0001\000\040\000R\000e\000p\000e\000a\000t\000e\000d\000\040\000m\000e\000a\000s\000u\000r\000e\000s\000\040\000A\000N\000O\000V\000A\000\040\000i\000n\000\040\000j\000a\000m\000o\000v\000i}{section.13.8}% 304
\BOOKMARK [1][]{section.13.9}{\376\377\0001\0003\000.\0009\000\040\000T\000h\000e\000\040\000F\000r\000i\000e\000d\000m\000a\000n\000\040\000n\000o\000n\000-\000p\000a\000r\000a\000m\000e\000t\000r\000i\000c\000\040\000r\000e\000p\000e\000a\000t\000e\000d\000\040\000m\000e\000a\000s\000u\000r\000e\000s\000\040\000A\000N\000O\000V\000A\000\040\000t\000e\000s\000t\000\040}{chapter.13}% 305
\BOOKMARK [1][]{section.13.10}{\376\377\0001\0003\000.\0001\0000\000\040\000O\000n\000\040\000t\000h\000e\000\040\000r\000e\000l\000a\000t\000i\000o\000n\000s\000h\000i\000p\000\040\000b\000e\000t\000w\000e\000e\000n\000\040\000A\000N\000O\000V\000A\000\040\000a\000n\000d\000\040\000t\000h\000e\000\040\000S\000t\000u\000d\000e\000n\000t\000\040\000-\000t\000e\000s\000t\000\040}{chapter.13}% 306
\BOOKMARK [1][]{section.13.11}{\376\377\0001\0003\000.\0001\0001\000\040\000S\000u\000m\000m\000a\000r\000y}{chapter.13}% 307
\BOOKMARK [0][]{chapter.14}{\376\377\0001\0004\000\040\000F\000a\000c\000t\000o\000r\000i\000a\000l\000\040\000A\000N\000O\000V\000A\000\040}{part.5}% 308
\BOOKMARK [1][]{section.14.1}{\376\377\0001\0004\000.\0001\000\040\000F\000a\000c\000t\000o\000r\000i\000a\000l\000\040\000A\000N\000O\000V\000A\000\040\0001\000:\000\040\000b\000a\000l\000a\000n\000c\000e\000d\000\040\000d\000e\000s\000i\000g\000n\000s\000,\000\040\000n\000o\000\040\000i\000n\000t\000e\000r\000a\000c\000t\000i\000o\000n\000s}{chapter.14}% 309
\BOOKMARK [2][-]{subsection.14.1.1}{\376\377\0001\0004\000.\0001\000.\0001\000\040\000W\000h\000a\000t\000\040\000h\000y\000p\000o\000t\000h\000e\000s\000e\000s\000\040\000a\000r\000e\000\040\000w\000e\000\040\000t\000e\000s\000t\000i\000n\000g\000?}{section.14.1}% 310
\BOOKMARK [2][-]{subsection.14.1.2}{\376\377\0001\0004\000.\0001\000.\0002\000\040\000R\000u\000n\000n\000i\000n\000g\000\040\000t\000h\000e\000\040\000a\000n\000a\000l\000y\000s\000i\000s\000\040\000i\000n\000\040\000j\000a\000m\000o\000v\000i}{section.14.1}% 311
\BOOKMARK [2][-]{subsection.14.1.3}{\376\377\0001\0004\000.\0001\000.\0003\000\040\000H\000o\000w\000\040\000a\000r\000e\000\040\000t\000h\000e\000\040\000s\000u\000m\000\040\000o\000f\000\040\000s\000q\000u\000a\000r\000e\000s\000\040\000c\000a\000l\000c\000u\000l\000a\000t\000e\000d\000?}{section.14.1}% 312
\BOOKMARK [2][-]{subsection.14.1.4}{\376\377\0001\0004\000.\0001\000.\0004\000\040\000W\000h\000a\000t\000\040\000a\000r\000e\000\040\000o\000u\000r\000\040\000d\000e\000g\000r\000e\000e\000s\000\040\000o\000f\000\040\000f\000r\000e\000e\000d\000o\000m\000?}{section.14.1}% 313
\BOOKMARK [2][-]{subsection.14.1.5}{\376\377\0001\0004\000.\0001\000.\0005\000\040\000F\000a\000c\000t\000o\000r\000i\000a\000l\000\040\000A\000N\000O\000V\000A\000\040\000v\000e\000r\000s\000u\000s\000\040\000o\000n\000e\000-\000w\000a\000y\000\040\000A\000N\000O\000V\000A\000s}{section.14.1}% 314
\BOOKMARK [2][-]{subsection.14.1.6}{\376\377\0001\0004\000.\0001\000.\0006\000\040\000W\000h\000a\000t\000\040\000k\000i\000n\000d\000s\000\040\000o\000f\000\040\000o\000u\000t\000c\000o\000m\000e\000s\000\040\000d\000o\000e\000s\000\040\000t\000h\000i\000s\000\040\000a\000n\000a\000l\000y\000s\000i\000s\000\040\000c\000a\000p\000t\000u\000r\000e\000?}{section.14.1}% 315
\BOOKMARK [1][]{section.14.2}{\376\377\0001\0004\000.\0002\000\040\000F\000a\000c\000t\000o\000r\000i\000a\000l\000\040\000A\000N\000O\000V\000A\000\040\0002\000:\000\040\000b\000a\000l\000a\000n\000c\000e\000d\000\040\000d\000e\000s\000i\000g\000n\000s\000,\000\040\000i\000n\000t\000e\000r\000a\000c\000t\000i\000o\000n\000s\000\040\000a\000l\000l\000o\000w\000e\000d}{chapter.14}% 316
\BOOKMARK [2][-]{subsection.14.2.1}{\376\377\0001\0004\000.\0002\000.\0001\000\040\000W\000h\000a\000t\000\040\000e\000x\000a\000c\000t\000l\000y\000\040\000i\000s\000\040\000a\000n\000\040\000i\000n\000t\000e\000r\000a\000c\000t\000i\000o\000n\000\040\000e\000f\000f\000e\000c\000t\000?}{section.14.2}% 317
\BOOKMARK [2][-]{subsection.14.2.2}{\376\377\0001\0004\000.\0002\000.\0002\000\040\000C\000a\000l\000c\000u\000l\000a\000t\000i\000n\000g\000\040\000s\000u\000m\000s\000\040\000o\000f\000\040\000s\000q\000u\000a\000r\000e\000s\000\040\000f\000o\000r\000\040\000t\000h\000e\000\040\000i\000n\000t\000e\000r\000a\000c\000t\000i\000o\000n}{section.14.2}% 318
\BOOKMARK [2][-]{subsection.14.2.3}{\376\377\0001\0004\000.\0002\000.\0003\000\040\000D\000e\000g\000r\000e\000e\000s\000\040\000o\000f\000\040\000f\000r\000e\000e\000d\000o\000m\000\040\000f\000o\000r\000\040\000t\000h\000e\000\040\000i\000n\000t\000e\000r\000a\000c\000t\000i\000o\000n}{section.14.2}% 319
\BOOKMARK [2][-]{subsection.14.2.4}{\376\377\0001\0004\000.\0002\000.\0004\000\040\000R\000u\000n\000n\000i\000n\000g\000\040\000t\000h\000e\000\040\000A\000N\000O\000V\000A\000\040\000i\000n\000\040\000j\000a\000m\000o\000v\000i}{section.14.2}% 320
\BOOKMARK [2][-]{subsection.14.2.5}{\376\377\0001\0004\000.\0002\000.\0005\000\040\000I\000n\000t\000e\000r\000p\000r\000e\000t\000i\000n\000g\000\040\000t\000h\000e\000\040\000r\000e\000s\000u\000l\000t\000s}{section.14.2}% 321
\BOOKMARK [1][]{section.14.3}{\376\377\0001\0004\000.\0003\000\040\000E\000f\000f\000e\000c\000t\000\040\000s\000i\000z\000e\000\040}{chapter.14}% 322
\BOOKMARK [2][-]{subsection.14.3.1}{\376\377\0001\0004\000.\0003\000.\0001\000\040\000E\000s\000t\000i\000m\000a\000t\000e\000d\000\040\000g\000r\000o\000u\000p\000\040\000m\000e\000a\000n\000s}{section.14.3}% 323
\BOOKMARK [1][]{section.14.4}{\376\377\0001\0004\000.\0004\000\040\000A\000s\000s\000u\000m\000p\000t\000i\000o\000n\000\040\000c\000h\000e\000c\000k\000i\000n\000g\000\040}{chapter.14}% 324
\BOOKMARK [2][-]{subsection.14.4.1}{\376\377\0001\0004\000.\0004\000.\0001\000\040\000H\000o\000m\000o\000g\000e\000n\000e\000i\000t\000y\000\040\000o\000f\000\040\000v\000a\000r\000i\000a\000n\000c\000e}{section.14.4}% 325
\BOOKMARK [2][-]{subsection.14.4.2}{\376\377\0001\0004\000.\0004\000.\0002\000\040\000N\000o\000r\000m\000a\000l\000i\000t\000y\000\040\000o\000f\000\040\000r\000e\000s\000i\000d\000u\000a\000l\000s}{section.14.4}% 326
\BOOKMARK [1][]{section.14.5}{\376\377\0001\0004\000.\0005\000\040\000A\000n\000a\000l\000y\000s\000i\000s\000\040\000o\000f\000\040\000C\000o\000v\000a\000r\000i\000a\000n\000c\000e\000\040\000\050\000A\000N\000C\000O\000V\000A\000\051}{chapter.14}% 327
\BOOKMARK [2][-]{subsection.14.5.1}{\376\377\0001\0004\000.\0005\000.\0001\000\040\000R\000u\000n\000n\000i\000n\000g\000\040\000A\000N\000C\000O\000V\000A\000\040\000i\000n\000\040\000j\000a\000m\000o\000v\000i}{section.14.5}% 328
\BOOKMARK [1][]{section.14.6}{\376\377\0001\0004\000.\0006\000\040\000A\000N\000O\000V\000A\000\040\000a\000s\000\040\000a\000\040\000l\000i\000n\000e\000a\000r\000\040\000m\000o\000d\000e\000l}{chapter.14}% 329
\BOOKMARK [2][-]{subsection.14.6.1}{\376\377\0001\0004\000.\0006\000.\0001\000\040\000S\000o\000m\000e\000\040\000d\000a\000t\000a}{section.14.6}% 330
\BOOKMARK [2][-]{subsection.14.6.2}{\376\377\0001\0004\000.\0006\000.\0002\000\040\000A\000N\000O\000V\000A\000\040\000w\000i\000t\000h\000\040\000b\000i\000n\000a\000r\000y\000\040\000f\000a\000c\000t\000o\000r\000s\000\040\000a\000s\000\040\000a\000\040\000r\000e\000g\000r\000e\000s\000s\000i\000o\000n\000\040\000m\000o\000d\000e\000l}{section.14.6}% 331
\BOOKMARK [2][-]{subsection.14.6.3}{\376\377\0001\0004\000.\0006\000.\0003\000\040\000H\000o\000w\000\040\000t\000o\000\040\000e\000n\000c\000o\000d\000e\000\040\000n\000o\000n\000\040\000b\000i\000n\000a\000r\000y\000\040\000f\000a\000c\000t\000o\000r\000s\000\040\000a\000s\000\040\000c\000o\000n\000t\000r\000a\000s\000t\000s}{section.14.6}% 332
\BOOKMARK [2][-]{subsection.14.6.4}{\376\377\0001\0004\000.\0006\000.\0004\000\040\000T\000h\000e\000\040\000e\000q\000u\000i\000v\000a\000l\000e\000n\000c\000e\000\040\000b\000e\000t\000w\000e\000e\000n\000\040\000A\000N\000O\000V\000A\000\040\000a\000n\000d\000\040\000r\000e\000g\000r\000e\000s\000s\000i\000o\000n\000\040\000f\000o\000r\000\040\000n\000o\000n\000-\000b\000i\000n\000a\000r\000y\000\040\000f\000a\000c\000t\000o\000r\000s}{section.14.6}% 333
\BOOKMARK [2][-]{subsection.14.6.5}{\376\377\0001\0004\000.\0006\000.\0005\000\040\000D\000e\000g\000r\000e\000e\000s\000\040\000o\000f\000\040\000f\000r\000e\000e\000d\000o\000m\000\040\000a\000s\000\040\000p\000a\000r\000a\000m\000e\000t\000e\000r\000\040\000c\000o\000u\000n\000t\000i\000n\000g\000!}{section.14.6}% 334
\BOOKMARK [1][]{section.14.7}{\376\377\0001\0004\000.\0007\000\040\000D\000i\000f\000f\000e\000r\000e\000n\000t\000\040\000w\000a\000y\000s\000\040\000t\000o\000\040\000s\000p\000e\000c\000i\000f\000y\000\040\000c\000o\000n\000t\000r\000a\000s\000t\000s}{chapter.14}% 335
\BOOKMARK [2][-]{subsection.14.7.1}{\376\377\0001\0004\000.\0007\000.\0001\000\040\000T\000r\000e\000a\000t\000m\000e\000n\000t\000\040\000c\000o\000n\000t\000r\000a\000s\000t\000s}{section.14.7}% 336
\BOOKMARK [2][-]{subsection.14.7.2}{\376\377\0001\0004\000.\0007\000.\0002\000\040\000H\000e\000l\000m\000e\000r\000t\000\040\000c\000o\000n\000t\000r\000a\000s\000t\000s}{section.14.7}% 337
\BOOKMARK [2][-]{subsection.14.7.3}{\376\377\0001\0004\000.\0007\000.\0003\000\040\000S\000u\000m\000\040\000t\000o\000\040\000z\000e\000r\000o\000\040\000c\000o\000n\000t\000r\000a\000s\000t\000s}{section.14.7}% 338
\BOOKMARK [2][-]{subsection.14.7.4}{\376\377\0001\0004\000.\0007\000.\0004\000\040\000O\000p\000t\000i\000o\000n\000a\000l\000\040\000c\000o\000n\000t\000r\000a\000s\000t\000s\000\040\000i\000n\000\040\000j\000a\000m\000o\000v\000i}{section.14.7}% 339
\BOOKMARK [1][]{section.14.8}{\376\377\0001\0004\000.\0008\000\040\000P\000o\000s\000t\000\040\000h\000o\000c\000\040\000t\000e\000s\000t\000s}{chapter.14}% 340
\BOOKMARK [1][]{section.14.9}{\376\377\0001\0004\000.\0009\000\040\000T\000h\000e\000\040\000m\000e\000t\000h\000o\000d\000\040\000o\000f\000\040\000p\000l\000a\000n\000n\000e\000d\000\040\000c\000o\000m\000p\000a\000r\000i\000s\000o\000n\000s}{chapter.14}% 341
\BOOKMARK [1][]{section.14.10}{\376\377\0001\0004\000.\0001\0000\000\040\000F\000a\000c\000t\000o\000r\000i\000a\000l\000\040\000A\000N\000O\000V\000A\000\040\0003\000:\000\040\000u\000n\000b\000a\000l\000a\000n\000c\000e\000d\000\040\000d\000e\000s\000i\000g\000n\000s}{chapter.14}% 342
\BOOKMARK [2][-]{subsection.14.10.1}{\376\377\0001\0004\000.\0001\0000\000.\0001\000\040\000T\000h\000e\000\040\000c\000o\000f\000f\000e\000e\000\040\000d\000a\000t\000a}{section.14.10}% 343
\BOOKMARK [2][-]{subsection.14.10.2}{\376\377\0001\0004\000.\0001\0000\000.\0002\000\040\000`\000`\000S\000t\000a\000n\000d\000a\000r\000d\000\040\000A\000N\000O\000V\000A\000'\000'\000\040\000d\000o\000e\000s\000\040\000n\000o\000t\000\040\000e\000x\000i\000s\000t\000\040\000f\000o\000r\000\040\000u\000n\000b\000a\000l\000a\000n\000c\000e\000d\000\040\000d\000e\000s\000i\000g\000n\000s}{section.14.10}% 344
\BOOKMARK [2][-]{subsection.14.10.3}{\376\377\0001\0004\000.\0001\0000\000.\0003\000\040\000T\000y\000p\000e\000\040\000I\000\040\000s\000u\000m\000\040\000o\000f\000\040\000s\000q\000u\000a\000r\000e\000s}{section.14.10}% 345
\BOOKMARK [2][-]{subsection.14.10.4}{\376\377\0001\0004\000.\0001\0000\000.\0004\000\040\000T\000y\000p\000e\000\040\000I\000I\000I\000\040\000s\000u\000m\000\040\000o\000f\000\040\000s\000q\000u\000a\000r\000e\000s}{section.14.10}% 346
\BOOKMARK [2][-]{subsection.14.10.5}{\376\377\0001\0004\000.\0001\0000\000.\0005\000\040\000T\000y\000p\000e\000\040\000I\000I\000\040\000s\000u\000m\000\040\000o\000f\000\040\000s\000q\000u\000a\000r\000e\000s}{section.14.10}% 347
\BOOKMARK [2][-]{subsection.14.10.6}{\376\377\0001\0004\000.\0001\0000\000.\0006\000\040\000E\000f\000f\000e\000c\000t\000\040\000s\000i\000z\000e\000s\000\040\000\050\000a\000n\000d\000\040\000n\000o\000n\000-\000a\000d\000d\000i\000t\000i\000v\000e\000\040\000s\000u\000m\000s\000\040\000o\000f\000\040\000s\000q\000u\000a\000r\000e\000s\000\051}{section.14.10}% 348
\BOOKMARK [1][]{section.14.11}{\376\377\0001\0004\000.\0001\0001\000\040\000S\000u\000m\000m\000a\000r\000y}{chapter.14}% 349
\BOOKMARK [0][]{chapter.15}{\376\377\0001\0005\000\040\000F\000a\000c\000t\000o\000r\000\040\000A\000n\000a\000l\000y\000s\000i\000s\000\040}{part.5}% 350
\BOOKMARK [1][]{section.15.1}{\376\377\0001\0005\000.\0001\000\040\000E\000x\000p\000l\000o\000r\000a\000t\000o\000r\000y\000\040\000F\000a\000c\000t\000o\000r\000\040\000A\000n\000a\000l\000y\000s\000i\000s\000\040}{chapter.15}% 351
\BOOKMARK [2][-]{subsection.15.1.1}{\376\377\0001\0005\000.\0001\000.\0001\000\040\000C\000h\000e\000c\000k\000i\000n\000g\000\040\000a\000s\000s\000u\000m\000p\000t\000i\000o\000n\000s}{section.15.1}% 352
\BOOKMARK [2][-]{subsection.15.1.2}{\376\377\0001\0005\000.\0001\000.\0002\000\040\000W\000h\000a\000t\000\040\000i\000s\000\040\000E\000F\000A\000\040\000g\000o\000o\000d\000\040\000f\000o\000r\000?}{section.15.1}% 353
\BOOKMARK [2][-]{subsection.15.1.3}{\376\377\0001\0005\000.\0001\000.\0003\000\040\000E\000F\000A\000\040\000i\000n\000\040\000j\000a\000m\000o\000v\000i}{section.15.1}% 354
\BOOKMARK [2][-]{subsection.15.1.4}{\376\377\0001\0005\000.\0001\000.\0004\000\040\000W\000r\000i\000t\000i\000n\000g\000\040\000u\000p\000\040\000a\000n\000\040\000E\000F\000A}{section.15.1}% 355
\BOOKMARK [1][]{section.15.2}{\376\377\0001\0005\000.\0002\000\040\000P\000r\000i\000n\000c\000i\000p\000a\000l\000\040\000C\000o\000m\000p\000o\000n\000e\000n\000t\000\040\000A\000n\000a\000l\000y\000s\000i\000s\000\040}{chapter.15}% 356
\BOOKMARK [2][-]{subsection.15.2.1}{\376\377\0001\0005\000.\0002\000.\0001\000\040\000P\000e\000r\000f\000o\000r\000m\000i\000n\000g\000\040\000P\000C\000A\000\040\000i\000n\000\040\000j\000a\000m\000o\000v\000i}{section.15.2}% 357
\BOOKMARK [1][]{section.15.3}{\376\377\0001\0005\000.\0003\000\040\000C\000o\000n\000f\000i\000r\000m\000a\000t\000o\000r\000y\000\040\000F\000a\000c\000t\000o\000r\000\040\000A\000n\000a\000l\000y\000s\000i\000s\000\040}{chapter.15}% 358
\BOOKMARK [2][-]{subsection.15.3.1}{\376\377\0001\0005\000.\0003\000.\0001\000\040\000C\000F\000A\000\040\000i\000n\000\040\000j\000a\000m\000o\000v\000i}{section.15.3}% 359
\BOOKMARK [2][-]{subsection.15.3.2}{\376\377\0001\0005\000.\0003\000.\0002\000\040\000R\000e\000p\000o\000r\000t\000i\000n\000g\000\040\000a\000\040\000C\000F\000A}{section.15.3}% 360
\BOOKMARK [1][]{section.15.4}{\376\377\0001\0005\000.\0004\000\040\000M\000u\000l\000t\000i\000-\000T\000r\000a\000i\000t\000\040\000M\000u\000l\000t\000i\000-\000M\000e\000t\000h\000o\000d\000\040\000C\000F\000A\000\040}{chapter.15}% 361
\BOOKMARK [2][-]{subsection.15.4.1}{\376\377\0001\0005\000.\0004\000.\0001\000\040\000M\000T\000M\000M\000\040\000C\000F\000A\000\040\000i\000n\000\040\000j\000a\000m\000o\000v\000i}{section.15.4}% 362
\BOOKMARK [1][]{section.15.5}{\376\377\0001\0005\000.\0005\000\040\000I\000n\000t\000e\000r\000n\000a\000l\000\040\000c\000o\000n\000s\000i\000s\000t\000e\000n\000c\000y\000\040\000r\000e\000l\000i\000a\000b\000i\000l\000i\000t\000y\000\040\000a\000n\000a\000l\000y\000s\000i\000s\000\040}{chapter.15}% 363
\BOOKMARK [2][-]{subsection.15.5.1}{\376\377\0001\0005\000.\0005\000.\0001\000\040\000R\000e\000l\000i\000a\000b\000i\000l\000i\000t\000y\000\040\000a\000n\000a\000l\000y\000s\000i\000s\000\040\000i\000n\000\040\000j\000a\000m\000o\000v\000i}{section.15.5}% 364
\BOOKMARK [1][]{section.15.6}{\376\377\0001\0005\000.\0006\000\040\000S\000u\000m\000m\000a\000r\000y}{chapter.15}% 365
\BOOKMARK [-1][]{part.6}{\376\377\000V\000I\000\040\000E\000n\000d\000i\000n\000g\000s\000,\000\040\000a\000l\000t\000e\000r\000n\000a\000t\000i\000v\000e\000s\000\040\000a\000n\000d\000\040\000p\000r\000o\000s\000p\000e\000c\000t\000s}{}% 366
\BOOKMARK [0][]{chapter.16}{\376\377\0001\0006\000\040\000B\000a\000y\000e\000s\000i\000a\000n\000\040\000s\000t\000a\000t\000i\000s\000t\000i\000c\000s\000\040}{part.6}% 367
\BOOKMARK [1][]{section.16.1}{\376\377\0001\0006\000.\0001\000\040\000P\000r\000o\000b\000a\000b\000i\000l\000i\000s\000t\000i\000c\000\040\000r\000e\000a\000s\000o\000n\000i\000n\000g\000\040\000b\000y\000\040\000r\000a\000t\000i\000o\000n\000a\000l\000\040\000a\000g\000e\000n\000t\000s}{chapter.16}% 368
\BOOKMARK [2][-]{subsection.16.1.1}{\376\377\0001\0006\000.\0001\000.\0001\000\040\000P\000r\000i\000o\000r\000s\000:\000\040\000w\000h\000a\000t\000\040\000y\000o\000u\000\040\000b\000e\000l\000i\000e\000v\000e\000d\000\040\000b\000e\000f\000o\000r\000e}{section.16.1}% 369
\BOOKMARK [2][-]{subsection.16.1.2}{\376\377\0001\0006\000.\0001\000.\0002\000\040\000L\000i\000k\000e\000l\000i\000h\000o\000o\000d\000s\000:\000\040\000t\000h\000e\000o\000r\000i\000e\000s\000\040\000a\000b\000o\000u\000t\000\040\000t\000h\000e\000\040\000d\000a\000t\000a}{section.16.1}% 370
\BOOKMARK [2][-]{subsection.16.1.3}{\376\377\0001\0006\000.\0001\000.\0003\000\040\000T\000h\000e\000\040\000j\000o\000i\000n\000t\000\040\000p\000r\000o\000b\000a\000b\000i\000l\000i\000t\000y\000\040\000o\000f\000\040\000d\000a\000t\000a\000\040\000a\000n\000d\000\040\000h\000y\000p\000o\000t\000h\000e\000s\000i\000s}{section.16.1}% 371
\BOOKMARK [2][-]{subsection.16.1.4}{\376\377\0001\0006\000.\0001\000.\0004\000\040\000U\000p\000d\000a\000t\000i\000n\000g\000\040\000b\000e\000l\000i\000e\000f\000s\000\040\000u\000s\000i\000n\000g\000\040\000B\000a\000y\000e\000s\000'\000\040\000r\000u\000l\000e}{section.16.1}% 372
\BOOKMARK [1][]{section.16.2}{\376\377\0001\0006\000.\0002\000\040\000B\000a\000y\000e\000s\000i\000a\000n\000\040\000h\000y\000p\000o\000t\000h\000e\000s\000i\000s\000\040\000t\000e\000s\000t\000s\000\040}{chapter.16}% 373
\BOOKMARK [2][-]{subsection.16.2.1}{\376\377\0001\0006\000.\0002\000.\0001\000\040\000T\000h\000e\000\040\000B\000a\000y\000e\000s\000\040\000f\000a\000c\000t\000o\000r}{section.16.2}% 374
\BOOKMARK [2][-]{subsection.16.2.2}{\376\377\0001\0006\000.\0002\000.\0002\000\040\000I\000n\000t\000e\000r\000p\000r\000e\000t\000i\000n\000g\000\040\000B\000a\000y\000e\000s\000\040\000f\000a\000c\000t\000o\000r\000s}{section.16.2}% 375
\BOOKMARK [1][]{section.16.3}{\376\377\0001\0006\000.\0003\000\040\000W\000h\000y\000\040\000b\000e\000\040\000a\000\040\000B\000a\000y\000e\000s\000i\000a\000n\000?}{chapter.16}% 376
\BOOKMARK [2][-]{subsection.16.3.1}{\376\377\0001\0006\000.\0003\000.\0001\000\040\000S\000t\000a\000t\000i\000s\000t\000i\000c\000s\000\040\000t\000h\000a\000t\000\040\000m\000e\000a\000n\000\040\000w\000h\000a\000t\000\040\000y\000o\000u\000\040\000t\000h\000i\000n\000k\000\040\000t\000h\000e\000y\000\040\000m\000e\000a\000n}{section.16.3}% 377
\BOOKMARK [2][-]{subsection.16.3.2}{\376\377\0001\0006\000.\0003\000.\0002\000\040\000E\000v\000i\000d\000e\000n\000t\000i\000a\000r\000y\000\040\000s\000t\000a\000n\000d\000a\000r\000d\000s\000\040\000y\000o\000u\000\040\000c\000a\000n\000\040\000b\000e\000l\000i\000e\000v\000e}{section.16.3}% 378
\BOOKMARK [2][-]{subsection.16.3.3}{\376\377\0001\0006\000.\0003\000.\0003\000\040\000T\000h\000e\000\040\000p\000-\000v\000a\000l\000u\000e\000\040\000i\000s\000\040\000a\000\040\000l\000i\000e\000.}{section.16.3}% 379
\BOOKMARK [2][-]{subsection.16.3.4}{\376\377\0001\0006\000.\0003\000.\0004\000\040\000I\000s\000\040\000i\000t\000\040\000r\000e\000a\000l\000l\000y\000\040\000t\000h\000i\000s\000\040\000b\000a\000d\000?}{section.16.3}% 380
\BOOKMARK [1][]{section.16.4}{\376\377\0001\0006\000.\0004\000\040\000B\000a\000y\000e\000s\000i\000a\000n\000\040\000-\000t\000e\000s\000t\000s}{chapter.16}% 381
\BOOKMARK [2][-]{subsection.16.4.1}{\376\377\0001\0006\000.\0004\000.\0001\000\040\000I\000n\000d\000e\000p\000e\000n\000d\000e\000n\000t\000\040\000s\000a\000m\000p\000l\000e\000s\000\040\000t\000-\000t\000e\000s\000t}{section.16.4}% 382
\BOOKMARK [2][-]{subsection.16.4.2}{\376\377\0001\0006\000.\0004\000.\0002\000\040\000P\000a\000i\000r\000e\000d\000\040\000s\000a\000m\000p\000l\000e\000s\000\040\000t\000-\000t\000e\000s\000t}{section.16.4}% 383
\BOOKMARK [1][]{section.16.5}{\376\377\0001\0006\000.\0005\000\040\000S\000u\000m\000m\000a\000r\000y}{chapter.16}% 384
\BOOKMARK [0][]{chapter.17}{\376\377\0001\0007\000\040\000E\000p\000i\000l\000o\000g\000u\000e}{part.6}% 385
\BOOKMARK [1][]{section.17.1}{\376\377\0001\0007\000.\0001\000\040\000T\000h\000e\000\040\000u\000n\000d\000i\000s\000c\000o\000v\000e\000r\000e\000d\000\040\000s\000t\000a\000t\000i\000s\000t\000i\000c\000s}{chapter.17}% 386
\BOOKMARK [2][-]{subsection.17.1.1}{\376\377\0001\0007\000.\0001\000.\0001\000\040\000O\000m\000i\000s\000s\000i\000o\000n\000s\000\040\000w\000i\000t\000h\000i\000n\000\040\000t\000h\000e\000\040\000t\000o\000p\000i\000c\000s\000\040\000c\000o\000v\000e\000r\000e\000d}{section.17.1}% 387
\BOOKMARK [2][-]{subsection.17.1.2}{\376\377\0001\0007\000.\0001\000.\0002\000\040\000S\000t\000a\000t\000i\000s\000t\000i\000c\000a\000l\000\040\000m\000o\000d\000e\000l\000s\000\040\000m\000i\000s\000s\000i\000n\000g\000\040\000f\000r\000o\000m\000\040\000t\000h\000e\000\040\000b\000o\000o\000k}{section.17.1}% 388
\BOOKMARK [2][-]{subsection.17.1.3}{\376\377\0001\0007\000.\0001\000.\0003\000\040\000O\000t\000h\000e\000r\000\040\000w\000a\000y\000s\000\040\000o\000f\000\040\000d\000o\000i\000n\000g\000\040\000i\000n\000f\000e\000r\000e\000n\000c\000e}{section.17.1}% 389
\BOOKMARK [2][-]{subsection.17.1.4}{\376\377\0001\0007\000.\0001\000.\0004\000\040\000M\000i\000s\000c\000e\000l\000l\000a\000n\000e\000o\000u\000s\000\040\000t\000o\000p\000i\000c\000s}{section.17.1}% 390
\BOOKMARK [1][]{section.17.2}{\376\377\0001\0007\000.\0002\000\040\000L\000e\000a\000r\000n\000i\000n\000g\000\040\000t\000h\000e\000\040\000b\000a\000s\000i\000c\000s\000,\000\040\000a\000n\000d\000\040\000l\000e\000a\000r\000n\000i\000n\000g\000\040\000t\000h\000e\000m\000\040\000i\000n\000\040\000j\000a\000m\000o\000v\000i}{chapter.17}% 391
\BOOKMARK [0][]{chapter.18}{\376\377\0001\0008\000\040\000R\000e\000f\000e\000r\000e\000n\000c\000e\000s}{part.6}% 392
